This is e-TeXk, Version 3.141592-2.1 (Web2C 7.5.2) (format=latex 2004.7.13)  13 OCT 2005 11:16
entering extended mode
 %&-line parsing enabled.
 (/usr/local/teTeX/share/texmf.tetex/web2c/cp8bit.tcx)
**kannan.dbj
(./kannan.dbj
LaTeX2e <2001/06/01>
Babel <v3.7h> and hyphenation patterns for american, french, german, ngerman, n
ohyphenation, loaded.
(/usr/local/teTeX/share/texmf.tetex/tex/latex/base/docstrip.tex
\blockLevel=\count79
\emptyLines=\count80
\processedLines=\count81
\commentsRemoved=\count82
\commentsPassed=\count83
\codeLinesPassed=\count84
\TotalprocessedLines=\count85
\TotalcommentsRemoved=\count86
\TotalcommentsPassed=\count87
\TotalcodeLinesPassed=\count88
\NumberOfFiles=\count89
\inFile=\read1
\inputcheck=\read2
\off@0=\count90
\off@1=\count91
\off@2=\count92
\off@3=\count93
\off@4=\count94
\off@5=\count95
\off@6=\count96
\off@7=\count97
\off@8=\count98
\off@9=\count99
\off@10=\count100
\off@11=\count101
\off@12=\count102
\off@13=\count103
\off@14=\count104
\off@15=\count105
\@maxfiles=\count106
\@maxoutfiles=\count107

Utility: `docstrip' 2.5b <1998/04/28>
English documentation    <1999/03/31>

**********************************************************
* This program converts documented macro-files into fast *
* loadable files by stripping off (nearly) all comments! *
**********************************************************

********************************************************
* No Configuration file found, using default settings. *
********************************************************

)

Generating file(s) ./kannan.bst 
\openout0 = `./kannan.bst'.


Processing file merlin.mbs (ay,har,harnm,nm-rev,ed-rev,jnrlst,nmlm,m\relax ,key
xyr,yr-par,note-yr,atit-u,jwdpg,num-xser,isbn,issn,xedn) -> kannan.bst
Lines  processed: 8772
Comments removed: 3617
Comments  passed: 1
Codelines passed: 3509

 ) 
Here is how much of TeX's memory you used:
 601 strings out of 95731
 5178 string characters out of 1193318
 57655 words of memory out of 1513149
 3689 multiletter control sequences out of 10000+50000
 3640 words of font info for 14 fonts, out of 1000000 for 2000
 14 hyphenation exceptions out of 1000
 13i,0n,15p,313b,408s stack positions out of 5000i,500n,6000p,200000b,40000s

No pages of output.
