This is pdfeTeXk, Version 3.141592-1.11b-2.1 (Web2C 7.5.2) (format=pdflatex 2004.7.13)  20 SEP 2006 11:13
entering extended mode
 %&-line parsing enabled.
 (/usr/local/teTeX/share/texmf.tetex/web2c/cp8bit.tcx)
**main

! Emergency stop.
<*> main
        
End of file on the terminal!

 
Here is how much of TeX's memory you used:
 2 strings out of 95314
 14 string characters out of 1187311
 44508 words of memory out of 1500001
 3171 multiletter control sequences out of 10000+50000
 3640 words of font info for 14 fonts, out of 1000000 for 2000
 14 hyphenation exceptions out of 1000
 0i,0n,0p,1b,6s stack positions out of 5000i,500n,6000p,200000b,40000s
 0 PDF objects out of 300000
 0 named destinations out of 131072
 1 words of extra memory for PDF output out of 65536
No pages of output.
