This is pdfTeX, Version 3.1415926-1.40.10 (TeX Live 2009) (format=pdflatex 2010.3.6)  13 MAY 2011 12:33
entering extended mode
 %&-line parsing enabled.
**vlab
(./vlab.tex
LaTeX2e <2009/09/24>
Babel <v3.8l> and hyphenation patterns for english, usenglishmax, dumylang, noh
yphenation, german-x-2009-06-19, ngerman-x-2009-06-19, ancientgreek, ibycus, ar
abic, basque, bulgarian, catalan, pinyin, coptic, croatian, czech, danish, dutc
h, esperanto, estonian, farsi, finnish, french, galician, german, ngerman, mono
greek, greek, hungarian, icelandic, indonesian, interlingua, irish, italian, ku
rmanji, latin, latvian, lithuanian, mongolian, mongolian2a, bokmal, nynorsk, po
lish, portuguese, romanian, russian, sanskrit, serbian, slovak, slovenian, span
ish, swedish, turkish, ukenglish, ukrainian, uppersorbian, welsh, loaded.
(./ieeeconf.cls

LaTeX Warning: You have requested document class `ieeeconf',
               but the document class provides `cssconf'.

Document Class: cssconf 2004/1/15 revision V1.6b by Pradeep Misra
\@IEEEtrantmpdimenA=\dimen102
\@IEEEtrantmpdimenB=\dimen103
\@IEEEtrantmpcountA=\count79
\@IEEEtrantmpcountB=\count80
\@IEEEtrantmptoksA=\toks14
LaTeX Font Info:    Try loading font information for OT1+ptm on input line 792.

(/usr/local/texlive/2009/texmf-dist/tex/latex/psnfss/ot1ptm.fd
File: ot1ptm.fd 2001/06/04 font definitions for OT1/ptm.
)
\@IEEEnormalsizefontbaselineskip=\skip41

-- This is a 10 point document.
\normalsizebaselineskip=\skip42
\normaljot=\skip43
LaTeX Font Info:    Font shape `OT1/ptm/bx/n' in size <5> not available
(Font)              Font shape `OT1/ptm/b/n' tried instead on input line 1111.
LaTeX Font Info:    Font shape `OT1/ptm/bx/it' in size <5> not available
(Font)              Font shape `OT1/ptm/b/it' tried instead on input line 1111.

LaTeX Font Info:    Font shape `OT1/ptm/bx/n' in size <7> not available
(Font)              Font shape `OT1/ptm/b/n' tried instead on input line 1111.
LaTeX Font Info:    Font shape `OT1/ptm/bx/it' in size <7> not available
(Font)              Font shape `OT1/ptm/b/it' tried instead on input line 1111.

LaTeX Font Info:    Font shape `OT1/ptm/bx/n' in size <8> not available
(Font)              Font shape `OT1/ptm/b/n' tried instead on input line 1111.
LaTeX Font Info:    Font shape `OT1/ptm/bx/it' in size <8> not available
(Font)              Font shape `OT1/ptm/b/it' tried instead on input line 1111.

LaTeX Font Info:    Font shape `OT1/ptm/bx/n' in size <9> not available
(Font)              Font shape `OT1/ptm/b/n' tried instead on input line 1111.
LaTeX Font Info:    Font shape `OT1/ptm/bx/it' in size <9> not available
(Font)              Font shape `OT1/ptm/b/it' tried instead on input line 1111.

LaTeX Font Info:    Font shape `OT1/ptm/bx/n' in size <10> not available
(Font)              Font shape `OT1/ptm/b/n' tried instead on input line 1111.
LaTeX Font Info:    Font shape `OT1/ptm/bx/it' in size <10> not available
(Font)              Font shape `OT1/ptm/b/it' tried instead on input line 1111.

LaTeX Font Info:    Font shape `OT1/ptm/bx/n' in size <11> not available
(Font)              Font shape `OT1/ptm/b/n' tried instead on input line 1111.
LaTeX Font Info:    Font shape `OT1/ptm/bx/it' in size <11> not available
(Font)              Font shape `OT1/ptm/b/it' tried instead on input line 1111.

LaTeX Font Info:    Font shape `OT1/ptm/bx/n' in size <12> not available
(Font)              Font shape `OT1/ptm/b/n' tried instead on input line 1111.
LaTeX Font Info:    Font shape `OT1/ptm/bx/it' in size <12> not available
(Font)              Font shape `OT1/ptm/b/it' tried instead on input line 1111.

LaTeX Font Info:    Font shape `OT1/ptm/bx/n' in size <16> not available
(Font)              Font shape `OT1/ptm/b/n' tried instead on input line 1111.
LaTeX Font Info:    Font shape `OT1/ptm/bx/it' in size <16> not available
(Font)              Font shape `OT1/ptm/b/it' tried instead on input line 1111.

LaTeX Font Info:    Font shape `OT1/ptm/bx/n' in size <20> not available
(Font)              Font shape `OT1/ptm/b/n' tried instead on input line 1111.
LaTeX Font Info:    Font shape `OT1/ptm/bx/it' in size <20> not available
(Font)              Font shape `OT1/ptm/b/it' tried instead on input line 1111.

LaTeX Font Info:    Font shape `OT1/ptm/bx/n' in size <24> not available
(Font)              Font shape `OT1/ptm/b/n' tried instead on input line 1111.
LaTeX Font Info:    Font shape `OT1/ptm/bx/it' in size <24> not available
(Font)              Font shape `OT1/ptm/b/it' tried instead on input line 1111.

\IEEEilabelindentA=\dimen104
\IEEEilabelindentB=\dimen105
\IEEEilabelindent=\dimen106
\IEEEelabelindent=\dimen107
\IEEEdlabelindent=\dimen108
\labelindent=\dimen109
\IEEEiednormlabelsep=\dimen110
\IEEEiedmathlabelsep=\dimen111
\IEEEiedtopsep=\skip44
\c@section=\count81
\c@subsection=\count82
\c@subsubsection=\count83
\c@paragraph=\count84
\c@IEEEsubequation=\count85
\abovecaptionskip=\skip45
\belowcaptionskip=\skip46
\c@figure=\count86
\c@table=\count87
\@IEEEeqnnumcols=\count88
\@IEEEeqncolcnt=\count89
\@IEEEtmpitemindent=\dimen112
\c@biography=\count90
\@IEEEtranrubishbin=\box26
) (/usr/local/texlive/2009/texmf-dist/tex/latex/cite/cite.sty
LaTeX Info: Redefining \cite on input line 285.
LaTeX Info: Redefining \nocite on input line 356.
Package: cite 2009/08/29  v 5.2
)
(/usr/local/texlive/2009/texmf-dist/tex/latex/base/latexsym.sty
Package: latexsym 1998/08/17 v2.2e Standard LaTeX package (lasy symbols)
\symlasy=\mathgroup4
LaTeX Font Info:    Overwriting symbol font `lasy' in version `bold'
(Font)                  U/lasy/m/n --> U/lasy/b/n on input line 47.
)
(/usr/local/texlive/2009/texmf-dist/tex/latex/amsfonts/amsfonts.sty
Package: amsfonts 2009/06/22 v3.00 Basic AMSFonts support
\@emptytoks=\toks15
\symAMSa=\mathgroup5
\symAMSb=\mathgroup6
LaTeX Font Info:    Overwriting math alphabet `\mathfrak' in version `bold'
(Font)                  U/euf/m/n --> U/euf/b/n on input line 96.
)
(/usr/local/texlive/2009/texmf-dist/tex/latex/amsfonts/amssymb.sty
Package: amssymb 2009/06/22 v3.00
)
(/usr/local/texlive/2009/texmf-dist/tex/latex/graphics/graphicx.sty
Package: graphicx 1999/02/16 v1.0f Enhanced LaTeX Graphics (DPC,SPQR)

(/usr/local/texlive/2009/texmf-dist/tex/latex/graphics/keyval.sty
Package: keyval 1999/03/16 v1.13 key=value parser (DPC)
\KV@toks@=\toks16
)
(/usr/local/texlive/2009/texmf-dist/tex/latex/graphics/graphics.sty
Package: graphics 2009/02/05 v1.0o Standard LaTeX Graphics (DPC,SPQR)

(/usr/local/texlive/2009/texmf-dist/tex/latex/graphics/trig.sty
Package: trig 1999/03/16 v1.09 sin cos tan (DPC)
)
(/usr/local/texlive/2009/texmf-dist/tex/latex/latexconfig/graphics.cfg
File: graphics.cfg 2009/08/28 v1.8 graphics configuration of TeX Live
)
Package graphics Info: Driver file: pdftex.def on input line 91.

(/usr/local/texlive/2009/texmf-dist/tex/latex/pdftex-def/pdftex.def
File: pdftex.def 2009/08/25 v0.04m Graphics/color for pdfTeX
\Gread@gobject=\count91
))
\Gin@req@height=\dimen113
\Gin@req@width=\dimen114
)
(/usr/local/texlive/2009/texmf-dist/tex/latex/amsmath/amsmath.sty
Package: amsmath 2000/07/18 v2.13 AMS math features
\@mathmargin=\skip47

For additional information on amsmath, use the `?' option.
(/usr/local/texlive/2009/texmf-dist/tex/latex/amsmath/amstext.sty
Package: amstext 2000/06/29 v2.01

(/usr/local/texlive/2009/texmf-dist/tex/latex/amsmath/amsgen.sty
File: amsgen.sty 1999/11/30 v2.0
\@emptytoks=\toks17
\ex@=\dimen115
))
(/usr/local/texlive/2009/texmf-dist/tex/latex/amsmath/amsbsy.sty
Package: amsbsy 1999/11/29 v1.2d
\pmbraise@=\dimen116
)
(/usr/local/texlive/2009/texmf-dist/tex/latex/amsmath/amsopn.sty
Package: amsopn 1999/12/14 v2.01 operator names
)
\inf@bad=\count92
LaTeX Info: Redefining \frac on input line 211.
\uproot@=\count93
\leftroot@=\count94
LaTeX Info: Redefining \overline on input line 307.
\classnum@=\count95
\DOTSCASE@=\count96
LaTeX Info: Redefining \ldots on input line 379.
LaTeX Info: Redefining \dots on input line 382.
LaTeX Info: Redefining \cdots on input line 467.
\Mathstrutbox@=\box27
\strutbox@=\box28
\big@size=\dimen117
LaTeX Font Info:    Redeclaring font encoding OML on input line 567.
LaTeX Font Info:    Redeclaring font encoding OMS on input line 568.
\macc@depth=\count97
\c@MaxMatrixCols=\count98
\dotsspace@=\muskip10
\c@parentequation=\count99
\dspbrk@lvl=\count100
\tag@help=\toks18
\row@=\count101
\column@=\count102
\maxfields@=\count103
\andhelp@=\toks19
\eqnshift@=\dimen118
\alignsep@=\dimen119
\tagshift@=\dimen120
\tagwidth@=\dimen121
\totwidth@=\dimen122
\lineht@=\dimen123
\@envbody=\toks20
\multlinegap=\skip48
\multlinetaggap=\skip49
\mathdisplay@stack=\toks21
LaTeX Info: Redefining \[ on input line 2666.
LaTeX Info: Redefining \] on input line 2667.
)
(/usr/local/texlive/2009/texmf-dist/tex/latex/ltxmisc/url.sty
\Urlmuskip=\muskip11
Package: url 2006/04/12  ver 3.3  Verb mode for urls, etc.
)
** ATTENTION: Overriding command lockouts (line 12).
(./vlab.aux)
\openout1 = `vlab.aux'.

LaTeX Font Info:    Checking defaults for OML/cmm/m/it on input line 41.
LaTeX Font Info:    ... okay on input line 41.
LaTeX Font Info:    Checking defaults for T1/cmr/m/n on input line 41.
LaTeX Font Info:    ... okay on input line 41.
LaTeX Font Info:    Checking defaults for OT1/cmr/m/n on input line 41.
LaTeX Font Info:    ... okay on input line 41.
LaTeX Font Info:    Checking defaults for OMS/cmsy/m/n on input line 41.
LaTeX Font Info:    ... okay on input line 41.
LaTeX Font Info:    Checking defaults for OMX/cmex/m/n on input line 41.
LaTeX Font Info:    ... okay on input line 41.
LaTeX Font Info:    Checking defaults for U/cmr/m/n on input line 41.
LaTeX Font Info:    ... okay on input line 41.
 (/usr/local/texlive/2009/texmf-dist/tex/context/base/supp-pdf.mkii
[Loading MPS to PDF converter (version 2006.09.02).]
\scratchcounter=\count104
\scratchdimen=\dimen124
\scratchbox=\box29
\nofMPsegments=\count105
\nofMParguments=\count106
\everyMPshowfont=\toks22
\MPscratchCnt=\count107
\MPscratchDim=\dimen125
\MPnumerator=\count108
\everyMPtoPDFconversion=\toks23
)
Overfull \hbox (2.73651pt too wide) in paragraph at lines 43--43
 [] 
 []


Overfull \hbox (2.73651pt too wide) in paragraph at lines 43--43
 [] 
 []

LaTeX Font Info:    Try loading font information for U+lasy on input line 43.
(/usr/local/texlive/2009/texmf-dist/tex/latex/base/ulasy.fd
File: ulasy.fd 1998/08/17 v2.2e LaTeX symbol font definitions
)
LaTeX Font Info:    Try loading font information for U+msa on input line 43.

(/usr/local/texlive/2009/texmf-dist/tex/latex/amsfonts/umsa.fd
File: umsa.fd 2009/06/22 v3.00 AMS symbols A
)
LaTeX Font Info:    Try loading font information for U+msb on input line 43.

(/usr/local/texlive/2009/texmf-dist/tex/latex/amsfonts/umsb.fd
File: umsb.fd 2009/06/22 v3.00 AMS symbols B
)
LaTeX Font Info:    Try loading font information for OT1+pcr on input line 43.

(/usr/local/texlive/2009/texmf-dist/tex/latex/psnfss/ot1pcr.fd
File: ot1pcr.fd 2001/06/04 font definitions for OT1/pcr.
)
Underfull \hbox (badness 4144) in paragraph at lines 43--43
[][][]\OT1/ptm/m/n/8 Inderpreet Arora is a for-mer stu-dent of Sys-tems and Con
-trol
 []


Underfull \hbox (badness 5008) in paragraph at lines 43--43
\OT1/ptm/m/n/8 En-gi-neer-ing, IIT Bom-bay, Mum-bai, In-dia. She is cur-rently 
with
 []


Underfull \hbox (badness 1824) in paragraph at lines 43--43
[][][]\OT1/ptm/m/n/8 Kannan M. Moudgalya is a Core Fac-ulty mem-ber with De-par
t-
 []


Underfull \hbox (badness 3229) in paragraph at lines 43--43
\OT1/ptm/m/n/8 ment of Chem-i-cal En-gi-neer-ing and an As-so-ciate Fac-ulty me
m-ber
 []


Underfull \hbox (badness 1968) in paragraph at lines 43--43
[][][]\OT1/ptm/m/n/8 Rupak Rokade and Rakhi R. are Re-search As-so-ciates with 
De-
 []


Underfull \hbox (badness 6001) in paragraph at lines 43--43
\OT1/ptm/m/n/8 part-ment of Chem-i-cal En-gi-neer-ing, IIT Bom-bay, Mum-bai, In
-dia.
 []

(./abstract.tex) (./intro.tex) (./LitSurvey.tex) (./sbhs.tex [1{/usr/local/texl
ive/2009/texmf-var/fonts/map/pdftex/updmap/pdftex.map}


]) (./vlabarch.tex
<figures/vlab-1.png, id=9, 716.6775pt x 378.41376pt>
File: figures/vlab-1.png Graphic file (type png)
 <use figures/vlab-1.png>
<figures/vlab-2.png, id=11, 716.6775pt x 370.38374pt>
File: figures/vlab-2.png Graphic file (type png)
 <use figures/vlab-2.png>
<figures/vlab-3.png, id=12, 896.34875pt x 392.46625pt>
File: figures/vlab-3.png Graphic file (type png)

<use figures/vlab-3.png> [2 <./figures/vlab-1.png> <./figures/vlab-2.png> <./fi
gures/vlab-3.png>] <figures/vlab-arch.png, id=20, 875.27pt x 481.8pt>
File: figures/vlab-arch.png Graphic file (type png)

<use figures/vlab-arch.png>
<figures/webpage.png, id=21, 1445.4pt x 828.09375pt>
File: figures/webpage.png Graphic file (type png)
 <use figures/webpage.png>
<figures/sw-arch.png, id=22, 778.70924pt x 423.68288pt>
File: figures/sw-arch.png Graphic file (type png)

<use figures/sw-arch.png>
Missing character: There is no â in font ptmr7t!
Missing character: There is no € in font ptmr7t!
Missing character: There is no ™ in font ptmr7t!

<figures/bookslot.png, id=23, 1445.4pt x 828.09375pt>
File: figures/bookslot.png Graphic file (type png)

<use figures/bookslot.png> [3 <./figures/vlab-arch.png> <./figures/webpage.png 
(PNG copy)> <./figures/sw-arch.png (PNG copy)>]
<figures/javalogin.png, id=29, 491.8375pt x 170.6375pt>
File: figures/javalogin.png Graphic file (type png)

<use figures/javalogin.png>
<figures/video-str.pdf, id=30, 120.45pt x 91.09032pt>
File: figures/video-str.pdf Graphic file (type pdf)

<use figures/video-str.pdf> [4 <./figures/bookslot.png (PNG copy)> <./figures/j
avalogin.png (PNG copy)> <./figures/video-str.pdf>]
<figures/fossee-2.png, id=38, 615.80063pt x 523.9575pt>
File: figures/fossee-2.png Graphic file (type png)

<use figures/fossee-2.png>) (./expt.tex

pdfTeX warning: pdflatex (file ./figures/pi-1.pdf): PDF inclusion: found PDF ve
rsion <1.5>, but at most version <1.4> allowed
<figures/pi-1.pdf, id=39, 1020.81375pt x 457.71pt>
File: figures/pi-1.pdf Graphic file (type pdf)
 <use figures/pi-1.pdf>
Overfull \hbox (36.98906pt too wide) in paragraph at lines 53--56
[]  [] 
 []

[5 <./figures/fossee-2.png (PNG copy)>]
<figures/pidc_intra_osc.jpg, id=49, 716.6775pt x 343.2825pt>
File: figures/pidc_intra_osc.jpg Graphic file (type jpg)

<use figures/pidc_intra_osc.jpg>
Overfull \hbox (36.98906pt too wide) in paragraph at lines 65--68
[]  [] 
 []

<figures/pidc_intra.jpg, id=50, 716.6775pt x 343.2825pt>
File: figures/pidc_intra.jpg Graphic file (type jpg)

<use figures/pidc_intra.jpg>
Overfull \hbox (36.98906pt too wide) in paragraph at lines 78--81
[]  [] 
 []

) (./2dof.tex <figures/2dof.png, id=51, 940.51375pt x 446.66875pt>
File: figures/2dof.png Graphic file (type png)

<use figures/2dof.png>
<figures/twodof_disturbance_intranet.png, id=52, 830.10126pt x 540.0175pt>
File: figures/twodof_disturbance_intranet.png Graphic file (type png)

<use figures/twodof_disturbance_intranet.png>
Overfull \hbox (36.98906pt too wide) in paragraph at lines 32--36
[]  [] 
 []

) (./relay.tex <figures/relay.png, id=53, 612.2875pt x 461.725pt>
File: figures/relay.png Graphic file (type png)

<use figures/relay.png>
Overfull \hbox (36.98906pt too wide) in paragraph at lines 9--12
[]  [] 
 []

<figures/relay1.png, id=54, 678.43463pt x 224.94037pt>
File: figures/relay1.png Graphic file (type png)

<use figures/relay1.png> [6 <./figures/pi-1.pdf> <./figures/pidc_intra_osc.jpg>
 <./figures/pidc_intra.jpg> <./figures/2dof.png>]) (./conc.tex) (./vlab.bbl
Missing character: There is no ò in font ptmr7t!

[7 <./figures/twodof_disturbance_intranet.png (PNG copy)> <./figures/relay.png 
(PNG copy)> <./figures/relay1.png (PNG copy)>])

** Conference Paper **
Before submitting the final camera ready copy, remember to:

 1. Manually equalize the lengths of two columns on the last page
 of your paper;

 2. Ensure that any PostScript and/or PDF output post-processing
 uses only Type 1 fonts and that every step in the generation
 process uses the US letter (8.5in X 11in) paper size.

[8

] (./vlab.aux) ) 
Here is how much of TeX's memory you used:
 2760 strings out of 493848
 38109 string characters out of 3149208
 95591 words of memory out of 3000000
 5966 multiletter control sequences out of 15000+200000
 42978 words of font info for 96 fonts, out of 3000000 for 9000
 717 hyphenation exceptions out of 8191
 27i,12n,22p,726b,292s stack positions out of 5000i,500n,10000p,200000b,50000s
{/usr/local/texlive/2009/texmf-dist/fonts/enc/dvips/base/8r.enc
}</usr/local/texlive/2009/texmf-dist/fonts/type1/public/amsfonts/cm/cmex10.pfb>
</usr/local/texlive/2009/texmf-dist/fonts/type1/public/amsfonts/cm/cmmi10.pfb><
/usr/local/texlive/2009/texmf-dist/fonts/type1/public/amsfonts/cm/cmmi6.pfb></u
sr/local/texlive/2009/texmf-dist/fonts/type1/public/amsfonts/cm/cmmi7.pfb></usr
/local/texlive/2009/texmf-dist/fonts/type1/public/amsfonts/cm/cmmi8.pfb></usr/l
ocal/texlive/2009/texmf-dist/fonts/type1/public/amsfonts/cm/cmr10.pfb></usr/loc
al/texlive/2009/texmf-dist/fonts/type1/public/amsfonts/cm/cmr7.pfb></usr/local/
texlive/2009/texmf-dist/fonts/type1/public/amsfonts/cm/cmr8.pfb></usr/local/tex
live/2009/texmf-dist/fonts/type1/public/amsfonts/cm/cmsy10.pfb></usr/local/texl
ive/2009/texmf-dist/fonts/type1/public/amsfonts/cm/cmsy7.pfb></usr/local/texliv
e/2009/texmf-dist/fonts/type1/public/amsfonts/cm/cmsy8.pfb></usr/local/texlive/
2009/texmf-dist/fonts/type1/urw/courier/ucrr8a.pfb></usr/local/texlive/2009/tex
mf-dist/fonts/type1/urw/times/utmb8a.pfb></usr/local/texlive/2009/texmf-dist/fo
nts/type1/urw/times/utmbi8a.pfb></usr/local/texlive/2009/texmf-dist/fonts/type1
/urw/times/utmr8a.pfb></usr/local/texlive/2009/texmf-dist/fonts/type1/urw/times
/utmri8a.pfb>
Output written on vlab.pdf (8 pages, 1193949 bytes).
PDF statistics:
 124 PDF objects out of 1000 (max. 8388607)
 0 named destinations out of 1000 (max. 500000)
 86 words of extra memory for PDF output out of 10000 (max. 10000000)

