This is pdfTeX, Version 3.1415926-1.40.10 (MiKTeX 2.8) (preloaded format=pdflatex 2010.11.12)  16 NOV 2010 16:16
entering extended mode
**C:/Users/Pratik/Desktop/Model*Predictive*Control_final/MPC*report*12*Nov/MPC*
report.tex

("C:/Users/Pratik/Desktop/Model Predictive Control_final/MPC report 12 Nov/MPC 
report.tex"
LaTeX2e <2009/09/24>
Babel <v3.8l> and hyphenation patterns for english, dumylang, nohyphenation, ge
rman, ngerman, german-x-2009-06-19, ngerman-x-2009-06-19, french, loaded.
("C:\Program Files\MiKTeX 2.8\tex\latex\base\report.cls"
Document Class: report 2007/10/19 v1.4h Standard LaTeX document class
("C:\Program Files\MiKTeX 2.8\tex\latex\base\size10.clo"
File: size10.clo 2007/10/19 v1.4h Standard LaTeX file (size option)
)
\c@part=\count79
\c@chapter=\count80
\c@section=\count81
\c@subsection=\count82
\c@subsubsection=\count83
\c@paragraph=\count84
\c@subparagraph=\count85
\c@figure=\count86
\c@table=\count87
\abovecaptionskip=\skip41
\belowcaptionskip=\skip42
\bibindent=\dimen102
)
("C:\Program Files\MiKTeX 2.8\tex\latex\base\inputenc.sty"
Package: inputenc 2008/03/30 v1.1d Input encoding file
\inpenc@prehook=\toks14
\inpenc@posthook=\toks15

("C:\Program Files\MiKTeX 2.8\tex\latex\base\utf8.def"
File: utf8.def 2008/04/05 v1.1m UTF-8 support for inputenc
Now handling font encoding OML ...
... no UTF-8 mapping file for font encoding OML
Now handling font encoding T1 ...
... processing UTF-8 mapping file for font encoding T1

("C:\Program Files\MiKTeX 2.8\tex\latex\base\t1enc.dfu"
File: t1enc.dfu 2008/04/05 v1.1m UTF-8 support for inputenc
   defining Unicode char U+00A1 (decimal 161)
   defining Unicode char U+00A3 (decimal 163)
   defining Unicode char U+00AB (decimal 171)
   defining Unicode char U+00BB (decimal 187)
   defining Unicode char U+00BF (decimal 191)
   defining Unicode char U+00C0 (decimal 192)
   defining Unicode char U+00C1 (decimal 193)
   defining Unicode char U+00C2 (decimal 194)
   defining Unicode char U+00C3 (decimal 195)
   defining Unicode char U+00C4 (decimal 196)
   defining Unicode char U+00C5 (decimal 197)
   defining Unicode char U+00C6 (decimal 198)
   defining Unicode char U+00C7 (decimal 199)
   defining Unicode char U+00C8 (decimal 200)
   defining Unicode char U+00C9 (decimal 201)
   defining Unicode char U+00CA (decimal 202)
   defining Unicode char U+00CB (decimal 203)
   defining Unicode char U+00CC (decimal 204)
   defining Unicode char U+00CD (decimal 205)
   defining Unicode char U+00CE (decimal 206)
   defining Unicode char U+00CF (decimal 207)
   defining Unicode char U+00D0 (decimal 208)
   defining Unicode char U+00D1 (decimal 209)
   defining Unicode char U+00D2 (decimal 210)
   defining Unicode char U+00D3 (decimal 211)
   defining Unicode char U+00D4 (decimal 212)
   defining Unicode char U+00D5 (decimal 213)
   defining Unicode char U+00D6 (decimal 214)
   defining Unicode char U+00D8 (decimal 216)
   defining Unicode char U+00D9 (decimal 217)
   defining Unicode char U+00DA (decimal 218)
   defining Unicode char U+00DB (decimal 219)
   defining Unicode char U+00DC (decimal 220)
   defining Unicode char U+00DD (decimal 221)
   defining Unicode char U+00DE (decimal 222)
   defining Unicode char U+00DF (decimal 223)
   defining Unicode char U+00E0 (decimal 224)
   defining Unicode char U+00E1 (decimal 225)
   defining Unicode char U+00E2 (decimal 226)
   defining Unicode char U+00E3 (decimal 227)
   defining Unicode char U+00E4 (decimal 228)
   defining Unicode char U+00E5 (decimal 229)
   defining Unicode char U+00E6 (decimal 230)
   defining Unicode char U+00E7 (decimal 231)
   defining Unicode char U+00E8 (decimal 232)
   defining Unicode char U+00E9 (decimal 233)
   defining Unicode char U+00EA (decimal 234)
   defining Unicode char U+00EB (decimal 235)
   defining Unicode char U+00EC (decimal 236)
   defining Unicode char U+00ED (decimal 237)
   defining Unicode char U+00EE (decimal 238)
   defining Unicode char U+00EF (decimal 239)
   defining Unicode char U+00F0 (decimal 240)
   defining Unicode char U+00F1 (decimal 241)
   defining Unicode char U+00F2 (decimal 242)
   defining Unicode char U+00F3 (decimal 243)
   defining Unicode char U+00F4 (decimal 244)
   defining Unicode char U+00F5 (decimal 245)
   defining Unicode char U+00F6 (decimal 246)
   defining Unicode char U+00F8 (decimal 248)
   defining Unicode char U+00F9 (decimal 249)
   defining Unicode char U+00FA (decimal 250)
   defining Unicode char U+00FB (decimal 251)
   defining Unicode char U+00FC (decimal 252)
   defining Unicode char U+00FD (decimal 253)
   defining Unicode char U+00FE (decimal 254)
   defining Unicode char U+00FF (decimal 255)
   defining Unicode char U+0102 (decimal 258)
   defining Unicode char U+0103 (decimal 259)
   defining Unicode char U+0104 (decimal 260)
   defining Unicode char U+0105 (decimal 261)
   defining Unicode char U+0106 (decimal 262)
   defining Unicode char U+0107 (decimal 263)
   defining Unicode char U+010C (decimal 268)
   defining Unicode char U+010D (decimal 269)
   defining Unicode char U+010E (decimal 270)
   defining Unicode char U+010F (decimal 271)
   defining Unicode char U+0110 (decimal 272)
   defining Unicode char U+0111 (decimal 273)
   defining Unicode char U+0118 (decimal 280)
   defining Unicode char U+0119 (decimal 281)
   defining Unicode char U+011A (decimal 282)
   defining Unicode char U+011B (decimal 283)
   defining Unicode char U+011E (decimal 286)
   defining Unicode char U+011F (decimal 287)
   defining Unicode char U+0130 (decimal 304)
   defining Unicode char U+0131 (decimal 305)
   defining Unicode char U+0132 (decimal 306)
   defining Unicode char U+0133 (decimal 307)
   defining Unicode char U+0139 (decimal 313)
   defining Unicode char U+013A (decimal 314)
   defining Unicode char U+013D (decimal 317)
   defining Unicode char U+013E (decimal 318)
   defining Unicode char U+0141 (decimal 321)
   defining Unicode char U+0142 (decimal 322)
   defining Unicode char U+0143 (decimal 323)
   defining Unicode char U+0144 (decimal 324)
   defining Unicode char U+0147 (decimal 327)
   defining Unicode char U+0148 (decimal 328)
   defining Unicode char U+014A (decimal 330)
   defining Unicode char U+014B (decimal 331)
   defining Unicode char U+0150 (decimal 336)
   defining Unicode char U+0151 (decimal 337)
   defining Unicode char U+0152 (decimal 338)
   defining Unicode char U+0153 (decimal 339)
   defining Unicode char U+0154 (decimal 340)
   defining Unicode char U+0155 (decimal 341)
   defining Unicode char U+0158 (decimal 344)
   defining Unicode char U+0159 (decimal 345)
   defining Unicode char U+015A (decimal 346)
   defining Unicode char U+015B (decimal 347)
   defining Unicode char U+015E (decimal 350)
   defining Unicode char U+015F (decimal 351)
   defining Unicode char U+0160 (decimal 352)
   defining Unicode char U+0161 (decimal 353)
   defining Unicode char U+0162 (decimal 354)
   defining Unicode char U+0163 (decimal 355)
   defining Unicode char U+0164 (decimal 356)
   defining Unicode char U+0165 (decimal 357)
   defining Unicode char U+016E (decimal 366)
   defining Unicode char U+016F (decimal 367)
   defining Unicode char U+0170 (decimal 368)
   defining Unicode char U+0171 (decimal 369)
   defining Unicode char U+0178 (decimal 376)
   defining Unicode char U+0179 (decimal 377)
   defining Unicode char U+017A (decimal 378)
   defining Unicode char U+017B (decimal 379)
   defining Unicode char U+017C (decimal 380)
   defining Unicode char U+017D (decimal 381)
   defining Unicode char U+017E (decimal 382)
   defining Unicode char U+200C (decimal 8204)
   defining Unicode char U+2013 (decimal 8211)
   defining Unicode char U+2014 (decimal 8212)
   defining Unicode char U+2018 (decimal 8216)
   defining Unicode char U+2019 (decimal 8217)
   defining Unicode char U+201A (decimal 8218)
   defining Unicode char U+201C (decimal 8220)
   defining Unicode char U+201D (decimal 8221)
   defining Unicode char U+201E (decimal 8222)
   defining Unicode char U+2030 (decimal 8240)
   defining Unicode char U+2031 (decimal 8241)
   defining Unicode char U+2039 (decimal 8249)
   defining Unicode char U+203A (decimal 8250)
   defining Unicode char U+2423 (decimal 9251)
)
Now handling font encoding OT1 ...
... processing UTF-8 mapping file for font encoding OT1

("C:\Program Files\MiKTeX 2.8\tex\latex\base\ot1enc.dfu"
File: ot1enc.dfu 2008/04/05 v1.1m UTF-8 support for inputenc
   defining Unicode char U+00A1 (decimal 161)
   defining Unicode char U+00A3 (decimal 163)
   defining Unicode char U+00B8 (decimal 184)
   defining Unicode char U+00BF (decimal 191)
   defining Unicode char U+00C5 (decimal 197)
   defining Unicode char U+00C6 (decimal 198)
   defining Unicode char U+00D8 (decimal 216)
   defining Unicode char U+00DF (decimal 223)
   defining Unicode char U+00E6 (decimal 230)
   defining Unicode char U+00EC (decimal 236)
   defining Unicode char U+00ED (decimal 237)
   defining Unicode char U+00EE (decimal 238)
   defining Unicode char U+00EF (decimal 239)
   defining Unicode char U+00F8 (decimal 248)
   defining Unicode char U+0131 (decimal 305)
   defining Unicode char U+0141 (decimal 321)
   defining Unicode char U+0142 (decimal 322)
   defining Unicode char U+0152 (decimal 338)
   defining Unicode char U+0153 (decimal 339)
   defining Unicode char U+2013 (decimal 8211)
   defining Unicode char U+2014 (decimal 8212)
   defining Unicode char U+2018 (decimal 8216)
   defining Unicode char U+2019 (decimal 8217)
   defining Unicode char U+201C (decimal 8220)
   defining Unicode char U+201D (decimal 8221)
)
Now handling font encoding OMS ...
... processing UTF-8 mapping file for font encoding OMS

("C:\Program Files\MiKTeX 2.8\tex\latex\base\omsenc.dfu"
File: omsenc.dfu 2008/04/05 v1.1m UTF-8 support for inputenc
   defining Unicode char U+00A7 (decimal 167)
   defining Unicode char U+00B6 (decimal 182)
   defining Unicode char U+00B7 (decimal 183)
   defining Unicode char U+2020 (decimal 8224)
   defining Unicode char U+2021 (decimal 8225)
   defining Unicode char U+2022 (decimal 8226)
)
Now handling font encoding OMX ...
... no UTF-8 mapping file for font encoding OMX
Now handling font encoding U ...
... no UTF-8 mapping file for font encoding U
   defining Unicode char U+00A9 (decimal 169)
   defining Unicode char U+00AA (decimal 170)
   defining Unicode char U+00AE (decimal 174)
   defining Unicode char U+00BA (decimal 186)
   defining Unicode char U+02C6 (decimal 710)
   defining Unicode char U+02DC (decimal 732)
   defining Unicode char U+200C (decimal 8204)
   defining Unicode char U+2026 (decimal 8230)
   defining Unicode char U+2122 (decimal 8482)
   defining Unicode char U+2423 (decimal 9251)
))
("C:\Program Files\MiKTeX 2.8\tex\generic\babel\babel.sty"
Package: babel 2008/07/06 v3.8l The Babel package

*************************************
* Local config file bblopts.cfg used
*
("C:\Program Files\MiKTeX 2.8\tex\latex\00miktex\bblopts.cfg"
File: bblopts.cfg 2006/07/31 v1.0 MiKTeX 'babel' configuration
)
("C:\Program Files\MiKTeX 2.8\tex\generic\babel\english.ldf"
Language: english 2005/03/30 v3.3o English support from the babel system

("C:\Program Files\MiKTeX 2.8\tex\generic\babel\babel.def"
File: babel.def 2008/07/06 v3.8l Babel common definitions
\babel@savecnt=\count88
\U@D=\dimen103
)
\l@canadian = a dialect from \language\l@american 
\l@australian = a dialect from \language\l@british 
\l@newzealand = a dialect from \language\l@british 
))
("C:\Program Files\MiKTeX 2.8\tex\latex\graphics\graphicx.sty"
Package: graphicx 1999/02/16 v1.0f Enhanced LaTeX Graphics (DPC,SPQR)

("C:\Program Files\MiKTeX 2.8\tex\latex\graphics\keyval.sty"
Package: keyval 1999/03/16 v1.13 key=value parser (DPC)
\KV@toks@=\toks16
)
("C:\Program Files\MiKTeX 2.8\tex\latex\graphics\graphics.sty"
Package: graphics 2009/02/05 v1.0o Standard LaTeX Graphics (DPC,SPQR)

("C:\Program Files\MiKTeX 2.8\tex\latex\graphics\trig.sty"
Package: trig 1999/03/16 v1.09 sin cos tan (DPC)
)
("C:\Program Files\MiKTeX 2.8\tex\latex\00miktex\graphics.cfg"
File: graphics.cfg 2007/01/18 v1.5 graphics configuration of teTeX/TeXLive
)
Package graphics Info: Driver file: pdftex.def on input line 91.

("C:\Program Files\MiKTeX 2.8\tex\latex\pdftex-def\pdftex.def"
File: pdftex.def 2010/02/14 v0.04n Graphics/color for pdfTeX
\Gread@gobject=\count89
))
\Gin@req@height=\dimen104
\Gin@req@width=\dimen105
)
("C:\Program Files\MiKTeX 2.8\tex\latex\ams\math\amsmath.sty"
Package: amsmath 2000/07/18 v2.13 AMS math features
\@mathmargin=\skip43

For additional information on amsmath, use the `?' option.
("C:\Program Files\MiKTeX 2.8\tex\latex\ams\math\amstext.sty"
Package: amstext 2000/06/29 v2.01

("C:\Program Files\MiKTeX 2.8\tex\latex\ams\math\amsgen.sty"
File: amsgen.sty 1999/11/30 v2.0
\@emptytoks=\toks17
\ex@=\dimen106
))
("C:\Program Files\MiKTeX 2.8\tex\latex\ams\math\amsbsy.sty"
Package: amsbsy 1999/11/29 v1.2d
\pmbraise@=\dimen107
)
("C:\Program Files\MiKTeX 2.8\tex\latex\ams\math\amsopn.sty"
Package: amsopn 1999/12/14 v2.01 operator names
)
\inf@bad=\count90
LaTeX Info: Redefining \frac on input line 211.
\uproot@=\count91
\leftroot@=\count92
LaTeX Info: Redefining \overline on input line 307.
\classnum@=\count93
\DOTSCASE@=\count94
LaTeX Info: Redefining \ldots on input line 379.
LaTeX Info: Redefining \dots on input line 382.
LaTeX Info: Redefining \cdots on input line 467.
\Mathstrutbox@=\box26
\strutbox@=\box27
\big@size=\dimen108
LaTeX Font Info:    Redeclaring font encoding OML on input line 567.
LaTeX Font Info:    Redeclaring font encoding OMS on input line 568.
\macc@depth=\count95
\c@MaxMatrixCols=\count96
\dotsspace@=\muskip10
\c@parentequation=\count97
\dspbrk@lvl=\count98
\tag@help=\toks18
\row@=\count99
\column@=\count100
\maxfields@=\count101
\andhelp@=\toks19
\eqnshift@=\dimen109
\alignsep@=\dimen110
\tagshift@=\dimen111
\tagwidth@=\dimen112
\totwidth@=\dimen113
\lineht@=\dimen114
\@envbody=\toks20
\multlinegap=\skip44
\multlinetaggap=\skip45
\mathdisplay@stack=\toks21
LaTeX Info: Redefining \[ on input line 2666.
LaTeX Info: Redefining \] on input line 2667.
)
("C:\Program Files\MiKTeX 2.8\tex\latex\float\float.sty"
Package: float 2001/11/08 v1.3d Float enhancements (AL)
\c@float@type=\count102
\float@exts=\toks22
\float@box=\box28
\@float@everytoks=\toks23
\@floatcapt=\box29
)
(C:\Users\Pratik\AppData\Roaming\MiKTeX\2.8\tex\latex\listings\listings.sty
\lst@mode=\count103
\lst@gtempboxa=\box30
\lst@token=\toks24
\lst@length=\count104
\lst@currlwidth=\dimen115
\lst@column=\count105
\lst@pos=\count106
\lst@lostspace=\dimen116
\lst@width=\dimen117
\lst@newlines=\count107
\lst@lineno=\count108
\lst@maxwidth=\dimen118

(C:\Users\Pratik\AppData\Roaming\MiKTeX\2.8\tex\latex\listings\lstmisc.sty
File: lstmisc.sty 2007/02/22 1.4 (Carsten Heinz)
\c@lstnumber=\count109
\lst@skipnumbers=\count110
\lst@framebox=\box31
)
(C:\Users\Pratik\AppData\Roaming\MiKTeX\2.8\tex\latex\listings\listings.cfg
File: listings.cfg 2007/02/22 1.4 listings configuration
))
Package: listings 2007/02/22 1.4 (Carsten Heinz)


LaTeX Warning: Unused global option(s):
    [26pt].


("C:\Users\Pratik\Desktop\Model Predictive Control_final\MPC report 12 Nov\MPC 
report.aux")
LaTeX Font Info:    Checking defaults for OML/cmm/m/it on input line 13.
LaTeX Font Info:    ... okay on input line 13.
LaTeX Font Info:    Checking defaults for T1/cmr/m/n on input line 13.
LaTeX Font Info:    ... okay on input line 13.
LaTeX Font Info:    Checking defaults for OT1/cmr/m/n on input line 13.
LaTeX Font Info:    ... okay on input line 13.
LaTeX Font Info:    Checking defaults for OMS/cmsy/m/n on input line 13.
LaTeX Font Info:    ... okay on input line 13.
LaTeX Font Info:    Checking defaults for OMX/cmex/m/n on input line 13.
LaTeX Font Info:    ... okay on input line 13.
LaTeX Font Info:    Checking defaults for U/cmr/m/n on input line 13.
LaTeX Font Info:    ... okay on input line 13.
 ("C:\Program Files\MiKTeX 2.8\tex\context\base\supp-pdf.tex"
[Loading MPS to PDF converter (version 2006.09.02).]
\scratchcounter=\count111
\scratchdimen=\dimen119
\scratchbox=\box32
\nofMPsegments=\count112
\nofMParguments=\count113
\everyMPshowfont=\toks25
\MPscratchCnt=\count114
\MPscratchDim=\dimen120
\MPnumerator=\count115
\everyMPtoPDFconversion=\toks26
)
\c@lstlisting=\count116
 [1

{C:/Users/Pratik/AppData/Local/MiKTeX/2.8/pdftex/config/pdftex.map}]
("C:\Users\Pratik\Desktop\Model Predictive Control_final\MPC report 12 Nov\MPC 
report.toc"

LaTeX Font Warning: Font shape `OT1/cmss/m/it' in size <10> not available
(Font)              Font shape `OT1/cmss/m/sl' tried instead on input line 10.

[1

])
\tf@toc=\write3
 [2]
("C:\Users\Pratik\Desktop\Model Predictive Control_final\MPC report 12 Nov\MPC 
report.lof" [3

])
\tf@lof=\write4
 [4]
Chapter 1.
LaTeX Font Info:    Try loading font information for OMS+cmss on input line 23.

LaTeX Font Info:    No file OMScmss.fd. on input line 23.

LaTeX Font Warning: Font shape `OMS/cmss/m/n' undefined
(Font)              using `OMS/cmsy/m/n' instead
(Font)              for symbol `textbullet' on input line 23.


Underfull \hbox (badness 10000) in paragraph at lines 27--29

 []


Underfull \hbox (badness 10000) in paragraph at lines 27--29

 []


Underfull \hbox (badness 10000) in paragraph at lines 34--36

 []

[5

]
Chapter 2.

Underfull \hbox (badness 10000) in paragraph at lines 38--40

 []


Underfull \hbox (badness 10000) in paragraph at lines 38--40

 []


Underfull \hbox (badness 10000) in paragraph at lines 52--54

 []


Underfull \hbox (badness 10000) in paragraph at lines 60--61

 []

[6

]
Chapter 3.
[7

] <xcos_fig.png, id=38, 447.17062pt x 374.90062pt>
File: xcos_fig.png Graphic file (type png)
 <use xcos_fig.png>

LaTeX Font Warning: Font shape `OT1/cmss/bx/it' undefined
(Font)              using `OT1/cmss/bx/n' instead on input line 99.


Underfull \hbox (badness 10000) in paragraph at lines 100--101

 []

[8 <C:/Users/Pratik/Desktop/Model Predictive Control_final/MPC report 12 Nov/xc
os_fig.png>]
("C:\Users\Pratik\Desktop\Model Predictive Control_final\MPC report 12 Nov\mpc_
run.sci"
Overfull \hbox (21.00372pt too wide) in paragraph at lines 20--21
[][][][][][][][][][][][][][][][][][][][][] 
 []

LaTeX Font Info:    Try loading font information for OML+cmss on input line 23.

LaTeX Font Info:    No file OMLcmss.fd. on input line 23.

LaTeX Font Warning: Font shape `OML/cmss/m/n' undefined
(Font)              using `OML/cmm/m/it' instead
(Font)              for symbol `textless' on input line 23.

[9]
Overfull \hbox (15.00366pt too wide) in paragraph at lines 55--57
[][][][][][][][][][][][][][][][][][][][][][] 
 []


Overfull \hbox (45.00397pt too wide) in paragraph at lines 68--69
[][][][][][][][][][][][][][][][][] 
 []


Overfull \hbox (39.0039pt too wide) in paragraph at lines 84--86
[][][][][][][][][][][][][][][][][][] 
 []

[10])
Overfull \hbox (15.42801pt too wide) in paragraph at lines 104--106
\OT1/cmss/m/n/10 Other codes that were used for con-duct-ing this ex-per-i-ment
 are \OT1/cmss/m/sl/10 stepc.sce \OT1/cmss/m/n/10 and \OT1/cmss/m/sl/10 steptes
t.sci\OT1/cmss/m/n/10 .
 []


("C:\Users\Pratik\Desktop\Model Predictive Control_final\MPC report 12 Nov\step
c.sce"
Overfull \hbox (15.00366pt too wide) in paragraph at lines 2--4
[][][][][][][][][][][][][][][][][][][][][][] 
 []


Overfull \hbox (9.0036pt too wide) in paragraph at lines 14--15
[][][][][][][][][][][][][][][][][][][][] 
 []

[11]
Overfull \hbox (21.00372pt too wide) in paragraph at lines 27--28
[][][][][][][][][][][][][][][][][][][] 
 []

)
("C:\Users\Pratik\Desktop\Model Predictive Control_final\MPC report 12 Nov\step
test.sci" [12]
Overfull \hbox (111.00464pt too wide) in paragraph at lines 33--34
[][][][][][][][][][][][][][][][][][][][][][][][][][][][][] 
 []

) [13]
Chapter 4.

Underfull \hbox (badness 10000) in paragraph at lines 119--123

 []


Underfull \hbox (badness 10000) in paragraph at lines 119--123

 []


Underfull \hbox (badness 10000) in paragraph at lines 119--123

 []

<table_normal.png, id=60, 484.05844pt x 341.02406pt>
File: table_normal.png Graphic file (type png)
 <use table_normal.png>
Underfull \hbox (badness 10000) in paragraph at lines 128--133

 []

[14

] [15 <C:/Users/Pratik/Desktop/Model Predictive Control_final/MPC report 12 Nov
/table_normal.png>]
Chapter 5.
<1_1.png, id=68, 399.74344pt x 467.49657pt>
File: 1_1.png Graphic file (type png)
 <use 1_1.png>
Underfull \hbox (badness 10000) in paragraph at lines 139--144

 []


Underfull \hbox (badness 10000) in paragraph at lines 139--144

 []

<1_1_heater_final.png, id=69, 393.72093pt x 463.7325pt>
File: 1_1_heater_final.png Graphic file (type png)

<use 1_1_heater_final.png> [16

] [17 <C:/Users/Pratik/Desktop/Model Predictive Control_final/MPC report 12 Nov
/1_1.png>] [18 <C:/Users/Pratik/Desktop/Model Predictive Control_final/MPC repo
rt 12 Nov/1_1_heater_final.png>]
<2_1.png, id=83, 394.47375pt x 470.50781pt>
File: 2_1.png Graphic file (type png)
 <use 2_1.png>
Underfull \hbox (badness 10000) in paragraph at lines 153--158

 []

<2_1_heater_final.png, id=84, 397.485pt x 464.4853pt>
File: 2_1_heater_final.png Graphic file (type png)

<use 2_1_heater_final.png> [19 <C:/Users/Pratik/Desktop/Model Predictive Contro
l_final/MPC report 12 Nov/2_1.png>] [20 <C:/Users/Pratik/Desktop/Model Predicti
ve Control_final/MPC report 12 Nov/2_1_heater_final.png>]
Chapter 6.

Underfull \hbox (badness 10000) in paragraph at lines 167--168

 []

File: 1_1.png Graphic file (type png)
<use 1_1.png> [21

]
File: 1_1_heater_final.png Graphic file (type png)
 <use 1_1_heater_final.png> [22] [23]
<1_2.png, id=102, 411.03563pt x 469.00218pt>
File: 1_2.png Graphic file (type png)
 <use 1_2.png>
<1_2_heater_final.png, id=103, 401.24907pt x 462.97969pt>
File: 1_2_heater_final.png Graphic file (type png)

<use 1_2_heater_final.png> [24 <C:/Users/Pratik/Desktop/Model Predictive Contro
l_final/MPC report 12 Nov/1_2.png>] [25 <C:/Users/Pratik/Desktop/Model Predicti
ve Control_final/MPC report 12 Nov/1_2_heater_final.png>]
<1_3.png, id=113, 401.24907pt x 465.99094pt>
File: 1_3.png Graphic file (type png)
 <use 1_3.png>
<1_3_heater_final.png, id=114, 402.00188pt x 464.4853pt>
File: 1_3_heater_final.png Graphic file (type png)

<use 1_3_heater_final.png> [26 <C:/Users/Pratik/Desktop/Model Predictive Contro
l_final/MPC report 12 Nov/1_3.png>] [27 <C:/Users/Pratik/Desktop/Model Predicti
ve Control_final/MPC report 12 Nov/1_3_heater_final.png>]
File: 2_1.png Graphic file (type png)
 <use 2_1.png>
File: 2_1_heater_final.png Graphic file (type png)

<use 2_1_heater_final.png> [28] [29]
<2_2.png, id=129, 402.00188pt x 467.49657pt>
File: 2_2.png Graphic file (type png)
 <use 2_2.png>
<2_2_heater_final.png, id=130, 392.96812pt x 464.4853pt>
File: 2_2_heater_final.png Graphic file (type png)

<use 2_2_heater_final.png> [30 <C:/Users/Pratik/Desktop/Model Predictive Contro
l_final/MPC report 12 Nov/2_2.png>] [31 <C:/Users/Pratik/Desktop/Model Predicti
ve Control_final/MPC report 12 Nov/2_2_heater_final.png>]
<2_3.png, id=140, 398.23781pt x 469.755pt>
File: 2_3.png Graphic file (type png)
 <use 2_3.png>
<2_3_heater_final.png, id=141, 399.74344pt x 469.755pt>
File: 2_3_heater_final.png Graphic file (type png)

<use 2_3_heater_final.png> [32 <C:/Users/Pratik/Desktop/Model Predictive Contro
l_final/MPC report 12 Nov/2_3.png>] [33 <C:/Users/Pratik/Desktop/Model Predicti
ve Control_final/MPC report 12 Nov/2_3_heater_final.png>]
<5_1.png, id=150, 415.5525pt x 465.99094pt>
File: 5_1.png Graphic file (type png)
 <use 5_1.png>
<5_1_heater_final.png, id=151, 395.97937pt x 459.21562pt>
File: 5_1_heater_final.png Graphic file (type png)

<use 5_1_heater_final.png> [34 <C:/Users/Pratik/Desktop/Model Predictive Contro
l_final/MPC report 12 Nov/5_1.png>] [35 <C:/Users/Pratik/Desktop/Model Predicti
ve Control_final/MPC report 12 Nov/5_1_heater_final.png>]
<5_2.png, id=160, 398.99063pt x 467.49657pt>
File: 5_2.png Graphic file (type png)
 <use 5_2.png>
<5_2_heater_final.png, id=161, 406.51875pt x 461.47406pt>
File: 5_2_heater_final.png Graphic file (type png)

<use 5_2_heater_final.png>
Overfull \hbox (61.51775pt too wide) in paragraph at lines 268--269
[][] 
 []

[36 <C:/Users/Pratik/Desktop/Model Predictive Control_final/MPC report 12 Nov/5
_2.png>] [37 <C:/Users/Pratik/Desktop/Model Predictive Control_final/MPC report
 12 Nov/5_2_heater_final.png>] <5_3.png, id=171, 398.99063pt x 466.74374pt>
File: 5_3.png Graphic file (type png)

<use 5_3.png> <5_3_heater_final.png, id=172, 393.72093pt x 464.4853pt>
File: 5_3_heater_final.png Graphic file (type png)

<use 5_3_heater_final.png> [38 <C:/Users/Pratik/Desktop/Model Predictive Contro
l_final/MPC report 12 Nov/5_3.png>] [39 <C:/Users/Pratik/Desktop/Model Predicti
ve Control_final/MPC report 12 Nov/5_3_heater_final.png>]
<5_4.png, id=181, 386.19281pt x 465.99094pt>
File: 5_4.png Graphic file (type png)
 <use 5_4.png>
<5_4_heater_final.png, id=182, 396.7322pt x 465.23813pt>
File: 5_4_heater_final.png Graphic file (type png)

<use 5_4_heater_final.png>
Overfull \hbox (51.73122pt too wide) in paragraph at lines 294--295
[][] 
 []

[40 <C:/Users/Pratik/Desktop/Model Predictive Control_final/MPC report 12 Nov/5
_4.png>] [41 <C:/Users/Pratik/Desktop/Model Predictive Control_final/MPC report
 12 Nov/5_4_heater_final.png>] [42]
Chapter 7.

Underfull \hbox (badness 10000) in paragraph at lines 317--319

 []

<3_1.png, id=195, 402.00188pt x 467.49657pt>
File: 3_1.png Graphic file (type png)
 <use 3_1.png>
<3_1_heater_final.png, id=196, 405.76593pt x 462.22687pt>
File: 3_1_heater_final.png Graphic file (type png)

<use 3_1_heater_final.png> [43

] [44 <C:/Users/Pratik/Desktop/Model Predictive Control_final/MPC report 12 Nov
/3_1.png>] [45 <C:/Users/Pratik/Desktop/Model Predictive Control_final/MPC repo
rt 12 Nov/3_1_heater_final.png>]
<3_2.png, id=208, 394.47375pt x 465.99094pt>
File: 3_2.png Graphic file (type png)
 <use 3_2.png>
<3_2_heater_final.png, id=209, 398.99063pt x 469.00218pt>
File: 3_2_heater_final.png Graphic file (type png)

<use 3_2_heater_final.png> [46 <C:/Users/Pratik/Desktop/Model Predictive Contro
l_final/MPC report 12 Nov/3_2.png>] [47 <C:/Users/Pratik/Desktop/Model Predicti
ve Control_final/MPC report 12 Nov/3_2_heater_final.png>]
<3_3.png, id=218, 411.03563pt x 469.00218pt>
File: 3_3.png Graphic file (type png)
 <use 3_3.png>
<3_3_heater_final.png, id=219, 401.24907pt x 462.97969pt>
File: 3_3_heater_final.png Graphic file (type png)

<use 3_3_heater_final.png> [48 <C:/Users/Pratik/Desktop/Model Predictive Contro
l_final/MPC report 12 Nov/3_3.png>] [49 <C:/Users/Pratik/Desktop/Model Predicti
ve Control_final/MPC report 12 Nov/3_3_heater_final.png>]
<4_1.png, id=229, 399.74344pt x 469.00218pt>
File: 4_1.png Graphic file (type png)
 <use 4_1.png>
<4_1_heater_final.png, id=230, 403.5075pt x 462.97969pt>
File: 4_1_heater_final.png Graphic file (type png)

<use 4_1_heater_final.png> [50 <C:/Users/Pratik/Desktop/Model Predictive Contro
l_final/MPC report 12 Nov/4_1.png>] [51 <C:/Users/Pratik/Desktop/Model Predicti
ve Control_final/MPC report 12 Nov/4_1_heater_final.png>]
<4_2.png, id=239, 395.97937pt x 469.00218pt>
File: 4_2.png Graphic file (type png)
 <use 4_2.png>
<4_2_heater_final.png, id=240, 402.75468pt x 462.97969pt>
File: 4_2_heater_final.png Graphic file (type png)

<use 4_2_heater_final.png> [52 <C:/Users/Pratik/Desktop/Model Predictive Contro
l_final/MPC report 12 Nov/4_2.png>] [53 <C:/Users/Pratik/Desktop/Model Predicti
ve Control_final/MPC report 12 Nov/4_2_heater_final.png>]
<4_3.png, id=249, 402.00188pt x 467.49657pt>
File: 4_3.png Graphic file (type png)
 <use 4_3.png>
<4_3_heater_final.png, id=250, 392.96812pt x 464.4853pt>
File: 4_3_heater_final.png Graphic file (type png)

<use 4_3_heater_final.png> [54 <C:/Users/Pratik/Desktop/Model Predictive Contro
l_final/MPC report 12 Nov/4_3.png>] [55 <C:/Users/Pratik/Desktop/Model Predicti
ve Control_final/MPC report 12 Nov/4_3_heater_final.png>] [56]
Chapter 8.

Underfull \hbox (badness 10000) in paragraph at lines 401--407

 []


Underfull \hbox (badness 10000) in paragraph at lines 401--407

 []


Underfull \hbox (badness 10000) in paragraph at lines 401--407

 []


Underfull \hbox (badness 10000) in paragraph at lines 401--407

 []

[57

]
Chapter 9.

Underfull \hbox (badness 10000) in paragraph at lines 409--413

 []


Underfull \hbox (badness 10000) in paragraph at lines 409--413

 []


Underfull \hbox (badness 10000) in paragraph at lines 409--413

 []

[58

]
Chapter 10.

Underfull \hbox (badness 10000) in paragraph at lines 416--421

 []


Underfull \hbox (badness 10000) in paragraph at lines 416--421

 []


Underfull \hbox (badness 10000) in paragraph at lines 423--425

 []


Underfull \hbox (badness 10000) in paragraph at lines 423--425

 []


Underfull \hbox (badness 10000) in paragraph at lines 429--433

 []


("C:\Users\Pratik\Desktop\Model Predictive Control_final\MPC report 12 Nov\matr
ix.txt") [59

]
Underfull \hbox (badness 10000) in paragraph at lines 434--437

 []


Underfull \hbox (badness 10000) in paragraph at lines 449--451

 []


Underfull \hbox (badness 10000) in paragraph at lines 463--465

 []

[60]
("C:\Users\Pratik\Desktop\Model Predictive Control_final\MPC report 12 Nov\MPC 
report.aux")

LaTeX Font Warning: Some font shapes were not available, defaults substituted.

 ) 
Here is how much of TeX's memory you used:
 3912 strings out of 495285
 50422 string characters out of 3180390
 130586 words of memory out of 3000000
 7039 multiletter control sequences out of 15000+200000
 11167 words of font info for 40 fonts, out of 3000000 for 9000
 14 hyphenation exceptions out of 8191
 27i,9n,32p,870b,1504s stack positions out of 5000i,500n,10000p,200000b,50000s
<C:/Program Files/MiKTeX 2.8/fonts/type1/public/amsfonts/cm/cmex10.pfb><C:/Pr
ogram Files/MiKTeX 2.8/fonts/type1/public/amsfonts/cm/cmmi10.pfb><C:/Program Fi
les/MiKTeX 2.8/fonts/type1/public/amsfonts/cm/cmmi5.pfb><C:/Program Files/MiKTe
X 2.8/fonts/type1/public/amsfonts/cm/cmmi7.pfb><C:/Program Files/MiKTeX 2.8/fon
ts/type1/public/amsfonts/cm/cmr10.pfb><C:/Program Files/MiKTeX 2.8/fonts/type1/
public/amsfonts/cm/cmr7.pfb><C:/Program Files/MiKTeX 2.8/fonts/type1/public/ams
fonts/cm/cmss10.pfb><C:/Program Files/MiKTeX 2.8/fonts/type1/public/amsfonts/cm
/cmss12.pfb><C:/Program Files/MiKTeX 2.8/fonts/type1/public/amsfonts/cm/cmss17.
pfb><C:/Program Files/MiKTeX 2.8/fonts/type1/public/amsfonts/cm/cmssbx10.pfb><C
:/Program Files/MiKTeX 2.8/fonts/type1/public/amsfonts/cm/cmssi10.pfb><C:/Progr
am Files/MiKTeX 2.8/fonts/type1/public/amsfonts/cm/cmsy10.pfb><C:/Program Files
/MiKTeX 2.8/fonts/type1/public/amsfonts/cm/cmsy7.pfb>
Output written on "MPC report.pdf" (61 pages, 459285 bytes).
PDF statistics:
 320 PDF objects out of 1000 (max. 8388607)
 0 named destinations out of 1000 (max. 500000)
 171 words of extra memory for PDF output out of 10000 (max. 10000000)

