This is pdfTeX, Version 3.1415926-1.40.9 (MiKTeX 2.7) (preloaded format=pdflatex 2010.10.25)  11 NOV 2011 12:40
entering extended mode
**self_tuning_report_vikas.tex
(self_tuning_report_vikas.tex
LaTeX2e <2005/12/01>
Babel <v3.8l> and hyphenation patterns for english, dumylang, nohyphenation, ge
rman, ngerman, german-x-2009-06-19, ngerman-x-2009-06-19, french, loaded.
! Undefined control sequence.
l.2 \chapter
            {Design and Implementation of Self Tuning PI and PID Controllers...

? 
! Emergency stop.
l.2 \chapter
            {Design and Implementation of Self Tuning PI and PID Controllers...
End of file on the terminal!

 
Here is how much of TeX's memory you used:
 6 strings out of 95304
 171 string characters out of 1183031
 45021 words of memory out of 1500000
 3306 multiletter control sequences out of 110000
 3640 words of font info for 14 fonts, out of 3000000 for 5000
 14 hyphenation exceptions out of 8191
 5i,0n,1p,135b,8s stack positions out of 5000i,500n,10000p,200000b,50000s
!  ==> Fatal error occurred, no output PDF file produced!
