#
# A fatal error has been detected by the Java Runtime Environment:
#
#  SIGSEGV (0xb) at pc=0x02bfa203, pid=2011, tid=3077744336
#
# JRE version: 6.0_18-b07
# Java VM: Java HotSpot(TM) Server VM (16.0-b13 mixed mode linux-x86 )
# Problematic frame:
# C  [libsciscicos_blocks.so.5+0x19203]  evtdly4+0x53
#
# If you would like to submit a bug report, please visit:
#   http://java.sun.com/webapps/bugreport/crash.jsp
# The crash happened outside the Java Virtual Machine in native code.
# See problematic frame for where to report the bug.
#

---------------  T H R E A D  ---------------

Current thread (0x0834b800):  JavaThread "main" [_thread_in_native, id=2011, stack(0xbfada000,0xbfb2a000)]

siginfo:si_signo=SIGSEGV: si_errno=0, si_code=1 (SEGV_MAPERR), si_addr=0x00000001

Registers:
EAX=0x02b24308, EBX=0x02c36ff4, ECX=0x9d03ca38, EDX=0xbfb2966c
ESP=0xbfb27340, EBP=0xbfb27378, ESI=0x9a3e48c8, EDI=0x00000001
EIP=0x02bfa203, CR2=0x00000001, EFLAGS=0x00010212

Top of Stack: (sp=0xbfb27340)
0xbfb27340:   00000000 40b1a780 9d03b700 00000008
0xbfb27350:   bfb286e8 9d03b348 00002350 08f34b48
0xbfb27360:   a00e5228 00000002 9bd10164 02b22ff4
0xbfb27370:   9bd10338 00000003 bfb295e8 02aeaf33
0xbfb27380:   9bd10338 00000003 9bd10164 00000002
0xbfb27390:   9bd10164 00000001 bfb29608 02aeaf33
0xbfb273a0:   9bd10164 00000001 0042c970 13e46ac6
0xbfb273b0:   00000010 13e46ac6 000004a7 00000005 

Instructions: (pc=0x02bfa203)
0x02bfa1f3:   00 00 00 8b 38 e8 2b 20 ff ff 8b 4e 60 8b 76 58
0x02bfa203:   8b 07 8b 57 04 83 c0 01 83 d2 00 89 07 89 57 04 

Stack: [0xbfada000,0xbfb2a000],  sp=0xbfb27340,  free space=134bfb26cd0k
Native frames: (J=compiled Java code, j=interpreted, Vv=VM code, C=native code)
C  [libsciscicos_blocks.so.5+0x19203]  evtdly4+0x53
C  [libsciscicos.so+0xdf33]  callf+0x533
C  [libsciscicos.so+0x111a3]
C  [libsciscicos.so+0x12958]
C  [libsciscicos.so+0x1743f]  scicos_+0x299f
C  [libsciscicos.so+0x39213]  sci_scicosim+0x2f43
C  [libscicore.so.5+0x385bd]  callFunctionFromGateway+0x4d
C  [libsciscicos.so+0x290e9]  gw_scicos+0x39
C  [libscicore.so.5+0x39c08]  callDynamicGateway+0x38
C  [libscicore.so.5+0x39def]  gw_dynamic_generic+0x4f
C  [libscicore.so.5+0x3a6d8]  gw_dynamic_scicos+0x48
C  [libscicore.so.5+0x281fb]  callinterf_+0x9b
C  [libscicore.so.5+0x354f7]  scirun_+0x187
C  [libscicore.so.5+0x223b2]  realmain+0x132
C  [scilab-bin+0x124e]
C  [libc.so.6+0x16bd6]  __libc_start_main+0xe6


---------------  P R O C E S S  ---------------

Java Threads: ( => current thread )
  0xa0004000 JavaThread "AWT-EventQueue-0" [_thread_blocked, id=2581, stack(0x0278e000,0x027df000)]
  0x08bb7c00 JavaThread "Thread-11" [_thread_in_native, id=2374, stack(0x9c83a000,0x9d03b000)]
  0x088f4c00 JavaThread "Thread-10" [_thread_in_native, id=2357, stack(0x9c83a000,0x9d03b000)]
  0x08a11c00 JavaThread "Thread-8" [_thread_in_native, id=2347, stack(0x9c83a000,0x9d03b000)]
  0x08701c00 JavaThread "pool-1-thread-1" [_thread_blocked, id=2133, stack(0x06a6b000,0x06abc000)]
  0x088b4c00 JavaThread "Batik CleanerThread" daemon [_thread_blocked, id=2129, stack(0x03b18000,0x03b69000)]
  0x0865ac00 JavaThread "Thread-5" [_thread_in_native, id=2127, stack(0x9c83a000,0x9d03b000)]
  0x087a8800 JavaThread "Thread-4" [_thread_in_native, id=2031, stack(0x9c83a000,0x9d03b000)]
  0x086a3000 JavaThread "TimerQueue" daemon [_thread_blocked, id=2029, stack(0x0283a000,0x0288b000)]
  0x086ab000 JavaThread "AWT-Shutdown" [_thread_blocked, id=2027, stack(0x03648000,0x03699000)]
  0x9fe18400 JavaThread "AWT-XAWT" daemon [_thread_in_native, id=2025, stack(0x02a8c000,0x02add000)]
  0x083f7800 JavaThread "Java2D Disposer" daemon [_thread_blocked, id=2024, stack(0x01878000,0x018c9000)]
  0x08405000 JavaThread "Low Memory Detector" daemon [_thread_blocked, id=2022, stack(0x01753000,0x017a4000)]
  0x08403400 JavaThread "CompilerThread1" daemon [_thread_blocked, id=2021, stack(0x054ac000,0x0552d000)]
  0x08401400 JavaThread "CompilerThread0" daemon [_thread_blocked, id=2020, stack(0x062ff000,0x06380000)]
  0x083ffc00 JavaThread "Signal Dispatcher" daemon [_thread_blocked, id=2019, stack(0x027e9000,0x0283a000)]
  0x083ed800 JavaThread "Finalizer" daemon [_thread_blocked, id=2018, stack(0x05c1e000,0x05c6f000)]
  0x083ec000 JavaThread "Reference Handler" daemon [_thread_blocked, id=2017, stack(0x060aa000,0x060fb000)]
=>0x0834b800 JavaThread "main" [_thread_in_native, id=2011, stack(0xbfada000,0xbfb2a000)]

Other Threads:
  0x083e9400 VMThread [stack: 0x016d2000,0x01753000] [id=2016]
  0x08406800 WatcherThread [stack: 0x036cb000,0x0374c000] [id=2023]

VM state:not at safepoint (normal execution)

VM Mutex/Monitor currently owned by a thread: None

Heap
 PSYoungGen      total 4800K, used 3913K [0xaf0d0000, 0xaf640000, 0xb4620000)
  eden space 4416K, 80% used [0xaf0d0000,0xaf444df8,0xaf520000)
  from space 384K, 97% used [0xaf5a0000,0xaf5fd748,0xaf600000)
  to   space 512K, 0% used [0xaf520000,0xaf520000,0xaf5a0000)
 PSOldGen        total 42624K, used 24738K [0xa4620000, 0xa6fc0000, 0xaf0d0000)
  object space 42624K, 58% used [0xa4620000,0xa5e48a68,0xa6fc0000)
 PSPermGen       total 65536K, used 32408K [0xa0620000, 0xa4620000, 0xa4620000)
  object space 65536K, 49% used [0xa0620000,0xa25c6038,0xa4620000)

Dynamic libraries:
00110000-00123000 r-xp 00000000 08:09 5735268    /home/cdeep/scilab-5.3.1/lib/scilab/libsciio.so.5.3.1
00123000-00124000 r--p 00012000 08:09 5735268    /home/cdeep/scilab-5.3.1/lib/scilab/libsciio.so.5.3.1
00124000-00125000 rw-p 00013000 08:09 5735268    /home/cdeep/scilab-5.3.1/lib/scilab/libsciio.so.5.3.1
00125000-001df000 rw-p 00000000 00:00 0 
001df000-001ec000 r-xp 00000000 08:09 5735333    /home/cdeep/scilab-5.3.1/lib/scilab/libscidouble.so.5.3.1
001ec000-001ed000 r--p 0000c000 08:09 5735333    /home/cdeep/scilab-5.3.1/lib/scilab/libscidouble.so.5.3.1
001ed000-001ee000 rw-p 0000d000 08:09 5735333    /home/cdeep/scilab-5.3.1/lib/scilab/libscidouble.so.5.3.1
001ee000-002a7000 rw-p 00000000 00:00 0 
002a7000-002aa000 r-xp 00000000 08:09 5735382    /home/cdeep/scilab-5.3.1/lib/scilab/libscitime.so.5.3.1
002aa000-002ab000 r--p 00002000 08:09 5735382    /home/cdeep/scilab-5.3.1/lib/scilab/libscitime.so.5.3.1
002ab000-002ac000 rw-p 00003000 08:09 5735382    /home/cdeep/scilab-5.3.1/lib/scilab/libscitime.so.5.3.1
002ac000-002b6000 r-xp 00000000 08:09 5735352    /home/cdeep/scilab-5.3.1/lib/scilab/libmx.so.5.3.1
002b6000-002b7000 r--p 00009000 08:09 5735352    /home/cdeep/scilab-5.3.1/lib/scilab/libmx.so.5.3.1
002b7000-002b8000 rw-p 0000a000 08:09 5735352    /home/cdeep/scilab-5.3.1/lib/scilab/libmx.so.5.3.1
002b8000-002b9000 rw-p 00000000 00:00 0 
002b9000-002c3000 r-xp 00000000 08:09 5735186    /home/cdeep/scilab-5.3.1/lib/scilab/libmex.so.5.3.1
002c3000-002c4000 r--p 00009000 08:09 5735186    /home/cdeep/scilab-5.3.1/lib/scilab/libmex.so.5.3.1
002c4000-002c5000 rw-p 0000a000 08:09 5735186    /home/cdeep/scilab-5.3.1/lib/scilab/libmex.so.5.3.1
002c5000-002c6000 rw-p 00000000 00:00 0 
002c6000-002da000 r-xp 00000000 08:09 5735350    /home/cdeep/scilab-5.3.1/lib/scilab/libscihdf5.so.5.3.1
002da000-002db000 r--p 00013000 08:09 5735350    /home/cdeep/scilab-5.3.1/lib/scilab/libscihdf5.so.5.3.1
002db000-002dc000 rw-p 00014000 08:09 5735350    /home/cdeep/scilab-5.3.1/lib/scilab/libscihdf5.so.5.3.1
002dd000-00357000 r-xp 00000000 08:09 5735281    /home/cdeep/scilab-5.3.1/lib/scilab/libscicore.so.5.3.1
00357000-00358000 r--p 0007a000 08:09 5735281    /home/cdeep/scilab-5.3.1/lib/scilab/libscicore.so.5.3.1
00358000-0035b000 rw-p 0007b000 08:09 5735281    /home/cdeep/scilab-5.3.1/lib/scilab/libscicore.so.5.3.1
0035b000-00458000 rw-p 00000000 00:00 0 
00458000-00460000 r-xp 00000000 08:09 5735320    /home/cdeep/scilab-5.3.1/lib/scilab/libsciboolean.so.5.3.1
00460000-00461000 r--p 00007000 08:09 5735320    /home/cdeep/scilab-5.3.1/lib/scilab/libsciboolean.so.5.3.1
00461000-00462000 rw-p 00008000 08:09 5735320    /home/cdeep/scilab-5.3.1/lib/scilab/libsciboolean.so.5.3.1
00462000-0051c000 rw-p 00000000 00:00 0 
0051c000-0051d000 r-xp 00000000 08:09 5735379    /home/cdeep/scilab-5.3.1/lib/scilab/libscipvm.so.5.3.1
0051d000-0051e000 r--p 00000000 08:09 5735379    /home/cdeep/scilab-5.3.1/lib/scilab/libscipvm.so.5.3.1
0051e000-0051f000 rw-p 00001000 08:09 5735379    /home/cdeep/scilab-5.3.1/lib/scilab/libscipvm.so.5.3.1
0051f000-00521000 r-xp 00000000 08:09 5735272    /home/cdeep/scilab-5.3.1/lib/scilab/libscihashtable.so.5.3.1
00521000-00522000 r--p 00001000 08:09 5735272    /home/cdeep/scilab-5.3.1/lib/scilab/libscihashtable.so.5.3.1
00522000-00523000 rw-p 00002000 08:09 5735272    /home/cdeep/scilab-5.3.1/lib/scilab/libscihashtable.so.5.3.1
00523000-00525000 r-xp 00000000 08:09 5735255    /home/cdeep/scilab-5.3.1/lib/scilab/libscidoublylinkedlist.so.5.3.1
00525000-00526000 r--p 00001000 08:09 5735255    /home/cdeep/scilab-5.3.1/lib/scilab/libscidoublylinkedlist.so.5.3.1
00526000-00527000 rw-p 00002000 08:09 5735255    /home/cdeep/scilab-5.3.1/lib/scilab/libscidoublylinkedlist.so.5.3.1
00527000-00559000 r-xp 00000000 08:09 5735196    /home/cdeep/scilab-5.3.1/lib/scilab/libscigraphic_export.so.5.3.1
00559000-0055a000 r--p 00031000 08:09 5735196    /home/cdeep/scilab-5.3.1/lib/scilab/libscigraphic_export.so.5.3.1
0055a000-0055b000 rw-p 00032000 08:09 5735196    /home/cdeep/scilab-5.3.1/lib/scilab/libscigraphic_export.so.5.3.1
0055b000-0055c000 r-xp 00000000 08:09 5735299    /home/cdeep/scilab-5.3.1/lib/scilab/libscidynamiclibrary.so.5.3.1
0055c000-0055d000 r--p 00000000 08:09 5735299    /home/cdeep/scilab-5.3.1/lib/scilab/libscidynamiclibrary.so.5.3.1
0055d000-0055e000 rw-p 00001000 08:09 5735299    /home/cdeep/scilab-5.3.1/lib/scilab/libscidynamiclibrary.so.5.3.1
0055e000-0055f000 r-xp 00000000 08:09 5735252    /home/cdeep/scilab-5.3.1/lib/scilab/libscicommons.so.5.3.1
0055f000-00560000 r--p 00000000 08:09 5735252    /home/cdeep/scilab-5.3.1/lib/scilab/libscicommons.so.5.3.1
00560000-00561000 rw-p 00001000 08:09 5735252    /home/cdeep/scilab-5.3.1/lib/scilab/libscicommons.so.5.3.1
00562000-00569000 r-xp 00000000 08:09 5735286    /home/cdeep/scilab-5.3.1/lib/scilab/libscicompletion.so.5.3.1
00569000-0056a000 r--p 00006000 08:09 5735286    /home/cdeep/scilab-5.3.1/lib/scilab/libscicompletion.so.5.3.1
0056a000-0056b000 rw-p 00007000 08:09 5735286    /home/cdeep/scilab-5.3.1/lib/scilab/libscicompletion.so.5.3.1
0056b000-00572000 r-xp 00000000 08:09 5735128    /home/cdeep/scilab-5.3.1/lib/scilab/libscispecial_functions.so.5.3.1
00572000-00573000 r--p 00006000 08:09 5735128    /home/cdeep/scilab-5.3.1/lib/scilab/libscispecial_functions.so.5.3.1
00573000-00574000 rw-p 00007000 08:09 5735128    /home/cdeep/scilab-5.3.1/lib/scilab/libscispecial_functions.so.5.3.1
00574000-0062e000 rw-p 00000000 00:00 0 
0062e000-00643000 r-xp 00000000 08:09 5735152    /home/cdeep/scilab-5.3.1/lib/scilab/libscistatistics.so.5.3.1
00643000-00644000 r--p 00014000 08:09 5735152    /home/cdeep/scilab-5.3.1/lib/scilab/libscistatistics.so.5.3.1
00644000-00645000 rw-p 00015000 08:09 5735152    /home/cdeep/scilab-5.3.1/lib/scilab/libscistatistics.so.5.3.1
00645000-006ff000 rw-p 00000000 00:00 0 
006ff000-0076a000 r-xp 00000000 08:09 5735141    /home/cdeep/scilab-5.3.1/lib/scilab/libscigraphics.so.5.3.1
0076a000-0076b000 r--p 0006a000 08:09 5735141    /home/cdeep/scilab-5.3.1/lib/scilab/libscigraphics.so.5.3.1
0076b000-0076d000 rw-p 0006b000 08:09 5735141    /home/cdeep/scilab-5.3.1/lib/scilab/libscigraphics.so.5.3.1
0076d000-0076e000 rw-p 00000000 00:00 0 
0076e000-00772000 r-xp 00000000 08:09 5735237    /home/cdeep/scilab-5.3.1/lib/scilab/libscilocalization.so.5.3.1
00772000-00773000 r--p 00003000 08:09 5735237    /home/cdeep/scilab-5.3.1/lib/scilab/libscilocalization.so.5.3.1
00773000-00778000 rw-p 00004000 08:09 5735237    /home/cdeep/scilab-5.3.1/lib/scilab/libscilocalization.so.5.3.1
00778000-007b8000 r-xp 00000000 08:09 5735306    /home/cdeep/scilab-5.3.1/lib/scilab/libscisparse.so.5.3.1
007b8000-007b9000 r--p 0003f000 08:09 5735306    /home/cdeep/scilab-5.3.1/lib/scilab/libscisparse.so.5.3.1
007b9000-007ba000 rw-p 00040000 08:09 5735306    /home/cdeep/scilab-5.3.1/lib/scilab/libscisparse.so.5.3.1
007ba000-00874000 rw-p 00000000 00:00 0 
00874000-00897000 r-xp 00000000 08:09 5735305    /home/cdeep/scilab-5.3.1/lib/scilab/libscipolynomials.so.5.3.1
00897000-00898000 r--p 00022000 08:09 5735305    /home/cdeep/scilab-5.3.1/lib/scilab/libscipolynomials.so.5.3.1
00898000-00899000 rw-p 00023000 08:09 5735305    /home/cdeep/scilab-5.3.1/lib/scilab/libscipolynomials.so.5.3.1
00899000-00954000 rw-p 00000000 00:00 0 
00954000-009bc000 r-xp 00000000 08:09 5735264    /home/cdeep/scilab-5.3.1/lib/scilab/libscigui.so.5.3.1
009bc000-009bd000 ---p 00068000 08:09 5735264    /home/cdeep/scilab-5.3.1/lib/scilab/libscigui.so.5.3.1
009bd000-009be000 r--p 00068000 08:09 5735264    /home/cdeep/scilab-5.3.1/lib/scilab/libscigui.so.5.3.1
009be000-009bf000 rw-p 00069000 08:09 5735264    /home/cdeep/scilab-5.3.1/lib/scilab/libscigui.so.5.3.1
009bf000-009cb000 r-xp 00000000 08:09 5735295    /home/cdeep/scilab-5.3.1/lib/scilab/libsciconsole.so.5.3.1
009cb000-009cc000 r--p 0000b000 08:09 5735295    /home/cdeep/scilab-5.3.1/lib/scilab/libsciconsole.so.5.3.1
009cc000-009cd000 rw-p 0000c000 08:09 5735295    /home/cdeep/scilab-5.3.1/lib/scilab/libsciconsole.so.5.3.1
009cd000-009cf000 r-xp 00000000 08:09 5735162    /home/cdeep/scilab-5.3.1/lib/scilab/libscilibst.so.5.3.1
009cf000-009d0000 r--p 00001000 08:09 5735162    /home/cdeep/scilab-5.3.1/lib/scilab/libscilibst.so.5.3.1
009d0000-009d1000 rw-p 00002000 08:09 5735162    /home/cdeep/scilab-5.3.1/lib/scilab/libscilibst.so.5.3.1
009d2000-009d3000 r-xp 00000000 08:09 5735138    /home/cdeep/scilab-5.3.1/lib/scilab/libsciwindows_tools.so.5.3.1
009d3000-009d4000 r--p 00000000 08:09 5735138    /home/cdeep/scilab-5.3.1/lib/scilab/libsciwindows_tools.so.5.3.1
009d4000-009d5000 rw-p 00001000 08:09 5735138    /home/cdeep/scilab-5.3.1/lib/scilab/libsciwindows_tools.so.5.3.1
009d5000-009e2000 r-xp 00000000 08:09 5735383    /home/cdeep/scilab-5.3.1/lib/scilab/libscihistory_manager.so.5.3.1
009e2000-009e3000 r--p 0000c000 08:09 5735383    /home/cdeep/scilab-5.3.1/lib/scilab/libscihistory_manager.so.5.3.1
009e3000-009e4000 rw-p 0000d000 08:09 5735383    /home/cdeep/scilab-5.3.1/lib/scilab/libscihistory_manager.so.5.3.1
009e4000-009ee000 r-xp 00000000 08:09 5735190    /home/cdeep/scilab-5.3.1/lib/scilab/libsciaction_binding.so.5.3.1
009ee000-009ef000 r--p 00009000 08:09 5735190    /home/cdeep/scilab-5.3.1/lib/scilab/libsciaction_binding.so.5.3.1
009ef000-009f0000 rw-p 0000a000 08:09 5735190    /home/cdeep/scilab-5.3.1/lib/scilab/libsciaction_binding.so.5.3.1
009f0000-009f7000 r-xp 00000000 08:09 5735148    /home/cdeep/scilab-5.3.1/lib/scilab/libscijvm.so.5.3.1
009f7000-009f8000 r--p 00006000 08:09 5735148    /home/cdeep/scilab-5.3.1/lib/scilab/libscijvm.so.5.3.1
009f8000-009f9000 rw-p 00007000 08:09 5735148    /home/cdeep/scilab-5.3.1/lib/scilab/libscijvm.so.5.3.1
009f9000-009fa000 r-xp 00000000 08:09 5711961    /home/cdeep/scilab-5.3.1/lib/thirdparty/libpcreposix.so.7.8.0
009fa000-009fb000 rw-p 00001000 08:09 5711961    /home/cdeep/scilab-5.3.1/lib/thirdparty/libpcreposix.so.7.8.0
009fb000-00a00000 r-xp 00000000 08:09 5735257    /home/cdeep/scilab-5.3.1/lib/scilab/libsciparameters.so.5.3.1
00a00000-00a01000 r--p 00004000 08:09 5735257    /home/cdeep/scilab-5.3.1/lib/scilab/libsciparameters.so.5.3.1
00a01000-00a02000 rw-p 00005000 08:09 5735257    /home/cdeep/scilab-5.3.1/lib/scilab/libsciparameters.so.5.3.1
00a02000-00a10000 r-xp 00000000 08:09 5735279    /home/cdeep/scilab-5.3.1/lib/scilab/libscidata_structures.so.5.3.1
00a10000-00a11000 r--p 0000d000 08:09 5735279    /home/cdeep/scilab-5.3.1/lib/scilab/libscidata_structures.so.5.3.1
00a11000-00a12000 rw-p 0000e000 08:09 5735279    /home/cdeep/scilab-5.3.1/lib/scilab/libscidata_structures.so.5.3.1
00a12000-00acc000 rw-p 00000000 00:00 0 
00acc000-00ad9000 r-xp 00000000 08:09 5735151    /home/cdeep/scilab-5.3.1/lib/scilab/libsciscinotes.so.5.3.1
00ad9000-00ada000 r--p 0000c000 08:09 5735151    /home/cdeep/scilab-5.3.1/lib/scilab/libsciscinotes.so.5.3.1
00ada000-00adb000 rw-p 0000d000 08:09 5735151    /home/cdeep/scilab-5.3.1/lib/scilab/libsciscinotes.so.5.3.1
00adb000-00ae8000 r-xp 00000000 08:09 5735336    /home/cdeep/scilab-5.3.1/lib/scilab/libsciui_data.so.5.3.1
00ae8000-00ae9000 r--p 0000c000 08:09 5735336    /home/cdeep/scilab-5.3.1/lib/scilab/libsciui_data.so.5.3.1
00ae9000-00aea000 rw-p 0000d000 08:09 5735336    /home/cdeep/scilab-5.3.1/lib/scilab/libsciui_data.so.5.3.1
00aea000-00af3000 r-xp 00000000 08:09 5735125    /home/cdeep/scilab-5.3.1/lib/scilab/libscitclsci.so.5.3.1
00af3000-00af4000 r--p 00008000 08:09 5735125    /home/cdeep/scilab-5.3.1/lib/scilab/libscitclsci.so.5.3.1
00af4000-00af5000 rw-p 00009000 08:09 5735125    /home/cdeep/scilab-5.3.1/lib/scilab/libscitclsci.so.5.3.1
00af5000-00af6000 r-xp 00000000 08:09 5735270    /home/cdeep/scilab-5.3.1/lib/scilab/libscimalloc.so.5.3.1
00af6000-00af7000 r--p 00000000 08:09 5735270    /home/cdeep/scilab-5.3.1/lib/scilab/libscimalloc.so.5.3.1
00af7000-00af8000 rw-p 00001000 08:09 5735270    /home/cdeep/scilab-5.3.1/lib/scilab/libscimalloc.so.5.3.1
00af8000-00afc000 r-xp 00000000 08:09 5735307    /home/cdeep/scilab-5.3.1/lib/scilab/libscihdf5-forceload.so.5.3.1
00afc000-00afd000 r--p 00003000 08:09 5735307    /home/cdeep/scilab-5.3.1/lib/scilab/libscihdf5-forceload.so.5.3.1
00afd000-00afe000 rw-p 00004000 08:09 5735307    /home/cdeep/scilab-5.3.1/lib/scilab/libscihdf5-forceload.so.5.3.1
00afe000-00b00000 r-xp 00000000 08:07 213409     /lib/tls/i686/cmov/libdl-2.11.1.so
00b00000-00b01000 r--p 00001000 08:07 213409     /lib/tls/i686/cmov/libdl-2.11.1.so
00b01000-00b02000 rw-p 00002000 08:07 213409     /lib/tls/i686/cmov/libdl-2.11.1.so
00b02000-00b0b000 r-xp 00000000 08:09 5735337    /home/cdeep/scilab-5.3.1/lib/scilab/libscishell.so.5.3.1
00b0b000-00b0c000 r--p 00008000 08:09 5735337    /home/cdeep/scilab-5.3.1/lib/scilab/libscishell.so.5.3.1
00b0c000-00b0d000 rw-p 00009000 08:09 5735337    /home/cdeep/scilab-5.3.1/lib/scilab/libscishell.so.5.3.1
00b0d000-00b33000 r-xp 00000000 08:09 5735285    /home/cdeep/scilab-5.3.1/lib/scilab/libscifileio.so.5.3.1
00b33000-00b34000 r--p 00025000 08:09 5735285    /home/cdeep/scilab-5.3.1/lib/scilab/libscifileio.so.5.3.1
00b34000-00b35000 rw-p 00026000 08:09 5735285    /home/cdeep/scilab-5.3.1/lib/scilab/libscifileio.so.5.3.1
00b35000-00b67000 r-xp 00000000 08:09 5735145    /home/cdeep/scilab-5.3.1/lib/scilab/libsciarnoldi.so.5.3.1
00b67000-00b68000 r--p 00031000 08:09 5735145    /home/cdeep/scilab-5.3.1/lib/scilab/libsciarnoldi.so.5.3.1
00b68000-00b69000 rw-p 00032000 08:09 5735145    /home/cdeep/scilab-5.3.1/lib/scilab/libsciarnoldi.so.5.3.1
00b69000-00b8d000 r-xp 00000000 08:09 5735284    /home/cdeep/scilab-5.3.1/lib/scilab/libsciapi_scilab.so.5.3.1
00b8d000-00b8e000 r--p 00023000 08:09 5735284    /home/cdeep/scilab-5.3.1/lib/scilab/libsciapi_scilab.so.5.3.1
00b8e000-00b8f000 rw-p 00024000 08:09 5735284    /home/cdeep/scilab-5.3.1/lib/scilab/libsciapi_scilab.so.5.3.1
00b8f000-00b9b000 r-xp 00000000 08:09 5711897    /home/cdeep/scilab-5.3.1/lib/thirdparty/libgcc_s.so.1
00b9b000-00b9c000 rw-p 0000b000 08:09 5711897    /home/cdeep/scilab-5.3.1/lib/thirdparty/libgcc_s.so.1
00b9c000-00b9e000 r-xp 00000000 08:07 1746524    /usr/lib/libXss.so.1.0.0
00b9e000-00b9f000 r--p 00001000 08:07 1746524    /usr/lib/libXss.so.1.0.0
00b9f000-00ba0000 rw-p 00002000 08:07 1746524    /usr/lib/libXss.so.1.0.0
00ba1000-00bab000 r-xp 00000000 08:09 5735326    /home/cdeep/scilab-5.3.1/lib/scilab/libmat.so.5.3.1
00bab000-00bac000 r--p 00009000 08:09 5735326    /home/cdeep/scilab-5.3.1/lib/scilab/libmat.so.5.3.1
00bac000-00bad000 rw-p 0000a000 08:09 5735326    /home/cdeep/scilab-5.3.1/lib/scilab/libmat.so.5.3.1
00bad000-00bae000 rw-p 00000000 00:00 0 
00bae000-00bde000 r-xp 00000000 08:09 5711888    /home/cdeep/scilab-5.3.1/lib/thirdparty/libpcre.so.7.8.0
00bde000-00bdf000 rw-p 0002f000 08:09 5711888    /home/cdeep/scilab-5.3.1/lib/thirdparty/libpcre.so.7.8.0
00bdf000-00be0000 r-xp 00000000 08:07 2100255    /usr/lib/jni/libRubberBand-linux.so
00be0000-00be1000 r--p 00000000 08:07 2100255    /usr/lib/jni/libRubberBand-linux.so
00be1000-00be2000 rw-p 00001000 08:07 2100255    /usr/lib/jni/libRubberBand-linux.so
00be2000-00be5000 r-xp 00000000 08:09 5735153    /home/cdeep/scilab-5.3.1/lib/scilab/libscicall_scilab.so.5.3.1
00be5000-00be6000 r--p 00002000 08:09 5735153    /home/cdeep/scilab-5.3.1/lib/scilab/libscicall_scilab.so.5.3.1
00be6000-00be7000 rw-p 00003000 08:09 5735153    /home/cdeep/scilab-5.3.1/lib/scilab/libscicall_scilab.so.5.3.1
00be7000-00bfc000 r-xp 00000000 08:07 213798     /lib/tls/i686/cmov/libpthread-2.11.1.so
00bfc000-00bfd000 r--p 00014000 08:07 213798     /lib/tls/i686/cmov/libpthread-2.11.1.so
00bfd000-00bfe000 rw-p 00015000 08:07 213798     /lib/tls/i686/cmov/libpthread-2.11.1.so
00bfe000-00c00000 rw-p 00000000 00:00 0 
00c00000-00c02000 r-xp 00000000 08:07 1746487    /usr/lib/libXau.so.6.0.0
00c02000-00c03000 r--p 00001000 08:07 1746487    /usr/lib/libXau.so.6.0.0
00c03000-00c04000 rw-p 00002000 08:07 1746487    /usr/lib/libXau.so.6.0.0
00c04000-00c05000 r-xp 00000000 08:09 5711934    /home/cdeep/scilab-5.3.1/lib/thirdparty/libgluegen-rt.so
00c05000-00c06000 rw-p 00000000 08:09 5711934    /home/cdeep/scilab-5.3.1/lib/thirdparty/libgluegen-rt.so
00c06000-00c21000 r-xp 00000000 08:07 188477     /lib/ld-2.11.1.so
00c21000-00c22000 r--p 0001a000 08:07 188477     /lib/ld-2.11.1.so
00c22000-00c23000 rw-p 0001b000 08:07 188477     /lib/ld-2.11.1.so
00c23000-00ce9000 r-xp 00000000 08:09 5735231    /home/cdeep/scilab-5.3.1/lib/scilab/libscicacsd.so.5.3.1
00ce9000-00cea000 r--p 000c5000 08:09 5735231    /home/cdeep/scilab-5.3.1/lib/scilab/libscicacsd.so.5.3.1
00cea000-00ceb000 rw-p 000c6000 08:09 5735231    /home/cdeep/scilab-5.3.1/lib/scilab/libscicacsd.so.5.3.1
00ceb000-00da5000 rw-p 00000000 00:00 0 
00da5000-00dd4000 r-xp 00000000 08:09 5711902    /home/cdeep/scilab-5.3.1/lib/thirdparty/libncurses.so.5.7
00dd4000-00dd7000 rw-p 0002f000 08:09 5711902    /home/cdeep/scilab-5.3.1/lib/thirdparty/libncurses.so.5.7
00dd7000-00ddf000 r-xp 00000000 08:07 1746522    /usr/lib/libXrender.so.1.3.0
00ddf000-00de0000 r--p 00007000 08:07 1746522    /usr/lib/libXrender.so.1.3.0
00de0000-00de1000 rw-p 00008000 08:07 1746522    /usr/lib/libXrender.so.1.3.0
00de1000-00de2000 r-xp 00000000 08:09 5734431    /home/cdeep/scilab-5.3.1/thirdparty/java/lib/i386/libjawt.so
00de2000-00de3000 rw-p 00000000 08:09 5734431    /home/cdeep/scilab-5.3.1/thirdparty/java/lib/i386/libjawt.so
00de3000-00ded000 r-xp 00000000 08:09 5735319    /home/cdeep/scilab-5.3.1/lib/scilab/libscihistory_browser.so.5.3.1
00ded000-00dee000 r--p 00009000 08:09 5735319    /home/cdeep/scilab-5.3.1/lib/scilab/libscihistory_browser.so.5.3.1
00dee000-00def000 rw-p 0000a000 08:09 5735319    /home/cdeep/scilab-5.3.1/lib/scilab/libscihistory_browser.so.5.3.1
00def000-00e03000 r-xp 00000000 08:09 5711886    /home/cdeep/scilab-5.3.1/lib/thirdparty/libz.so.1.2.3.3
00e03000-00e04000 rw-p 00013000 08:09 5711886    /home/cdeep/scilab-5.3.1/lib/thirdparty/libz.so.1.2.3.3
00e04000-00e12000 r-xp 00000000 08:07 1746500    /usr/lib/libXext.so.6.4.0
00e12000-00e13000 r--p 0000d000 08:07 1746500    /usr/lib/libXext.so.6.4.0
00e13000-00e14000 rw-p 0000e000 08:07 1746500    /usr/lib/libXext.so.6.4.0
00e14000-00e18000 r-xp 00000000 08:07 1746498    /usr/lib/libXdmcp.so.6.0.0
00e18000-00e19000 r--p 00003000 08:07 1746498    /usr/lib/libXdmcp.so.6.0.0
00e19000-00e1a000 rw-p 00004000 08:07 1746498    /usr/lib/libXdmcp.so.6.0.0
00e1a000-00e1c000 r-xp 00000000 08:07 1746510    /usr/lib/libXinerama.so.1.0.0
00e1c000-00e1d000 r--p 00001000 08:07 1746510    /usr/lib/libXinerama.so.1.0.0
00e1d000-00e1e000 rw-p 00002000 08:07 1746510    /usr/lib/libXinerama.so.1.0.0
00e1f000-00e21000 r-xp 00000000 08:09 5735229    /home/cdeep/scilab-5.3.1/lib/scilab/libsciintersci.so.5.3.1
00e21000-00e22000 r--p 00001000 08:09 5735229    /home/cdeep/scilab-5.3.1/lib/scilab/libsciintersci.so.5.3.1
00e22000-00e23000 rw-p 00002000 08:09 5735229    /home/cdeep/scilab-5.3.1/lib/scilab/libsciintersci.so.5.3.1
00e23000-00e47000 r-xp 00000000 08:07 213410     /lib/tls/i686/cmov/libm-2.11.1.so
00e47000-00e48000 r--p 00023000 08:07 213410     /lib/tls/i686/cmov/libm-2.11.1.so
00e48000-00e49000 rw-p 00024000 08:07 213410     /lib/tls/i686/cmov/libm-2.11.1.so
00e49000-00e5b000 r-xp 00000000 08:07 1746506    /usr/lib/libXft.so.2.1.13
00e5b000-00e5c000 r--p 00011000 08:07 1746506    /usr/lib/libXft.so.2.1.13
00e5c000-00e5d000 rw-p 00012000 08:07 1746506    /usr/lib/libXft.so.2.1.13
00e5d000-00e64000 r-xp 00000000 08:07 213800     /lib/tls/i686/cmov/librt-2.11.1.so
00e64000-00e65000 r--p 00006000 08:07 213800     /lib/tls/i686/cmov/librt-2.11.1.so
00e65000-00e66000 rw-p 00007000 08:07 213800     /lib/tls/i686/cmov/librt-2.11.1.so
00e66000-00e6c000 r-xp 00000000 08:09 5734451    /home/cdeep/scilab-5.3.1/thirdparty/java/lib/i386/native_threads/libhpi.so
00e6c000-00e6d000 rw-p 00006000 08:09 5734451    /home/cdeep/scilab-5.3.1/thirdparty/java/lib/i386/native_threads/libhpi.so
00e6d000-00e6e000 r-xp 00000000 08:09 5711842    /home/cdeep/scilab-5.3.1/lib/thirdparty/libjogl_awt.so
00e6e000-00e6f000 rw-p 00000000 08:09 5711842    /home/cdeep/scilab-5.3.1/lib/thirdparty/libjogl_awt.so
00e6f000-00e74000 r-xp 00000000 08:09 5735199    /home/cdeep/scilab-5.3.1/lib/scilab/libscifftw.so.5.3.1
00e74000-00e75000 r--p 00004000 08:09 5735199    /home/cdeep/scilab-5.3.1/lib/scilab/libscifftw.so.5.3.1
00e75000-00e76000 rw-p 00005000 08:09 5735199    /home/cdeep/scilab-5.3.1/lib/scilab/libscifftw.so.5.3.1
00e76000-00ea4000 r-xp 00000000 08:07 1746779    /usr/lib/libfontconfig.so.1.4.4
00ea4000-00ea5000 r--p 0002d000 08:07 1746779    /usr/lib/libfontconfig.so.1.4.4
00ea5000-00ea6000 rw-p 0002e000 08:07 1746779    /usr/lib/libfontconfig.so.1.4.4
00ea6000-00ea7000 r-xp 00000000 08:07 1777985    /usr/lib/gtk-2.0/2.10.0/loaders/svg_loader.so
00ea7000-00ea8000 r--p 00000000 08:07 1777985    /usr/lib/gtk-2.0/2.10.0/loaders/svg_loader.so
00ea8000-00ea9000 rw-p 00001000 08:07 1777985    /usr/lib/gtk-2.0/2.10.0/loaders/svg_loader.so
00ea9000-00eaa000 r-xp 00000000 08:09 5735273    /home/cdeep/scilab-5.3.1/lib/scilab/libscilab.so.0.0.0
00eaa000-00eab000 r--p 00000000 08:09 5735273    /home/cdeep/scilab-5.3.1/lib/scilab/libscilab.so.0.0.0
00eab000-00eac000 rw-p 00001000 08:09 5735273    /home/cdeep/scilab-5.3.1/lib/scilab/libscilab.so.0.0.0
00eac000-00f32000 r-xp 00000000 08:09 5711896    /home/cdeep/scilab-5.3.1/lib/thirdparty/libblas.so.3gf.0
00f32000-00f33000 rw-p 00086000 08:09 5711896    /home/cdeep/scilab-5.3.1/lib/thirdparty/libblas.so.3gf.0
00f33000-00f4b000 r-xp 00000000 08:07 1747494    /usr/lib/libxcb.so.1.1.0
00f4b000-00f4c000 r--p 00017000 08:07 1747494    /usr/lib/libxcb.so.1.1.0
00f4c000-00f4d000 rw-p 00018000 08:07 1747494    /usr/lib/libxcb.so.1.1.0
00f4d000-00f4f000 r-xp 00000000 08:07 1746492    /usr/lib/libXcomposite.so.1.0.0
00f4f000-00f50000 r--p 00001000 08:07 1746492    /usr/lib/libXcomposite.so.1.0.0
00f50000-00f51000 rw-p 00002000 08:07 1746492    /usr/lib/libXcomposite.so.1.0.0
00f52000-00f53000 r-xp 00000000 00:00 0          [vdso]
00f53000-00fb0000 r-xp 00000000 08:09 5735134    /home/cdeep/scilab-5.3.1/lib/scilab/libscidifferential_equations.so.5.3.1
00fb0000-00fb1000 r--p 0005c000 08:09 5735134    /home/cdeep/scilab-5.3.1/lib/scilab/libscidifferential_equations.so.5.3.1
00fb1000-00fb2000 rw-p 0005d000 08:09 5735134    /home/cdeep/scilab-5.3.1/lib/scilab/libscidifferential_equations.so.5.3.1
00fb2000-01073000 rw-p 00000000 00:00 0 
01073000-01169000 r-xp 00000000 08:09 5711950    /home/cdeep/scilab-5.3.1/lib/thirdparty/libtcl8.5.3.so
01169000-01173000 rw-p 000f5000 08:09 5711950    /home/cdeep/scilab-5.3.1/lib/thirdparty/libtcl8.5.3.so
01173000-01174000 rw-p 00000000 00:00 0 
01174000-012c7000 r-xp 00000000 08:07 213406     /lib/tls/i686/cmov/libc-2.11.1.so
012c7000-012c8000 ---p 00153000 08:07 213406     /lib/tls/i686/cmov/libc-2.11.1.so
012c8000-012ca000 r--p 00153000 08:07 213406     /lib/tls/i686/cmov/libc-2.11.1.so
012ca000-012cb000 rw-p 00155000 08:07 213406     /lib/tls/i686/cmov/libc-2.11.1.so
012cb000-012ce000 rw-p 00000000 00:00 0 
012ce000-013e7000 r-xp 00000000 08:07 1746483    /usr/lib/libX11.so.6.3.0
013e7000-013e8000 r--p 00118000 08:07 1746483    /usr/lib/libX11.so.6.3.0
013e8000-013ea000 rw-p 00119000 08:07 1746483    /usr/lib/libX11.so.6.3.0
013ea000-013eb000 rw-p 00000000 00:00 0 
013eb000-013ef000 r-xp 00000000 08:07 1746528    /usr/lib/libXtst.so.6.1.0
013ef000-013f0000 r--p 00003000 08:07 1746528    /usr/lib/libXtst.so.6.1.0
013f0000-013f1000 rw-p 00004000 08:07 1746528    /usr/lib/libXtst.so.6.1.0
013f1000-013f5000 r-xp 00000000 08:07 1746502    /usr/lib/libXfixes.so.3.1.0
013f5000-013f6000 r--p 00003000 08:07 1746502    /usr/lib/libXfixes.so.3.1.0
013f6000-013f7000 rw-p 00004000 08:07 1746502    /usr/lib/libXfixes.so.3.1.0
013f7000-013fd000 r-xp 00000000 08:07 1746520    /usr/lib/libXrandr.so.2.2.0
013fd000-013fe000 r--p 00005000 08:07 1746520    /usr/lib/libXrandr.so.2.2.0
013fe000-013ff000 rw-p 00006000 08:07 1746520    /usr/lib/libXrandr.so.2.2.0
013ff000-01417000 r-xp 00000000 08:07 565250     /usr/lib/libgdk_pixbuf-2.0.so.0.2000.1
01417000-01418000 r--p 00017000 08:07 565250     /usr/lib/libgdk_pixbuf-2.0.so.0.2000.1
01418000-01419000 rw-p 00018000 08:07 565250     /usr/lib/libgdk_pixbuf-2.0.so.0.2000.1
01419000-0141b000 r-xp 00000000 08:07 1746496    /usr/lib/libXdamage.so.1.1.0
0141b000-0141c000 r--p 00001000 08:07 1746496    /usr/lib/libXdamage.so.1.1.0
0141c000-0141d000 rw-p 00002000 08:07 1746496    /usr/lib/libXdamage.so.1.1.0
0141d000-01420000 r-xp 00000000 08:07 1746356    /usr/lib/libgmodule-2.0.so.0.2400.1
01420000-01421000 r--p 00002000 08:07 1746356    /usr/lib/libgmodule-2.0.so.0.2400.1
01421000-01422000 rw-p 00003000 08:07 1746356    /usr/lib/libgmodule-2.0.so.0.2400.1
01424000-01588000 r-xp 00000000 08:09 5735136    /home/cdeep/scilab-5.3.1/lib/scilab/libscirenderer.so.5.3.1
01588000-01595000 r--p 00164000 08:09 5735136    /home/cdeep/scilab-5.3.1/lib/scilab/libscirenderer.so.5.3.1
01595000-01597000 rw-p 00171000 08:09 5735136    /home/cdeep/scilab-5.3.1/lib/scilab/libscirenderer.so.5.3.1
01597000-01598000 ---p 00000000 00:00 0 
01598000-01618000 rwxp 00000000 00:00 0 
01618000-01619000 ---p 00000000 00:00 0 
01619000-01699000 rwxp 00000000 00:00 0 
01699000-016a3000 r-xp 00000000 08:07 1747434    /usr/lib/libpangocairo-1.0.so.0.2800.0
016a3000-016a4000 r--p 00009000 08:07 1747434    /usr/lib/libpangocairo-1.0.so.0.2800.0
016a4000-016a5000 rw-p 0000a000 08:07 1747434    /usr/lib/libpangocairo-1.0.so.0.2800.0
016a5000-016be000 r-xp 00000000 08:07 1746362    /usr/lib/libatk-1.0.so.0.3009.1
016be000-016bf000 ---p 00019000 08:07 1746362    /usr/lib/libatk-1.0.so.0.3009.1
016bf000-016c0000 r--p 00019000 08:07 1746362    /usr/lib/libatk-1.0.so.0.3009.1
016c0000-016c1000 rw-p 0001a000 08:07 1746362    /usr/lib/libatk-1.0.so.0.3009.1
016c1000-016c4000 r-xp 00000000 08:07 1746628    /usr/lib/libcanberra-gtk.so.0.1.5
016c4000-016c5000 r--p 00003000 08:07 1746628    /usr/lib/libcanberra-gtk.so.0.1.5
016c5000-016c6000 rw-p 00004000 08:07 1746628    /usr/lib/libcanberra-gtk.so.0.1.5
016c6000-016d1000 r-xp 00000000 08:09 5734468    /home/cdeep/scilab-5.3.1/thirdparty/java/lib/i386/libverify.so
016d1000-016d2000 rw-p 0000b000 08:09 5734468    /home/cdeep/scilab-5.3.1/thirdparty/java/lib/i386/libverify.so
016d2000-016d3000 ---p 00000000 00:00 0 
016d3000-01753000 rwxp 00000000 00:00 0 
01753000-01756000 ---p 00000000 00:00 0 
01756000-017a4000 rwxp 00000000 00:00 0 
017a4000-017e7000 r-xp 00000000 08:09 5734433    /home/cdeep/scilab-5.3.1/thirdparty/java/lib/i386/xawt/libmawt.so
017e7000-017e9000 rw-p 00043000 08:09 5734433    /home/cdeep/scilab-5.3.1/thirdparty/java/lib/i386/xawt/libmawt.so
017e9000-017ea000 rw-p 00000000 00:00 0 
017ea000-01869000 r-xp 00000000 08:09 5734438    /home/cdeep/scilab-5.3.1/thirdparty/java/lib/i386/libfontmanager.so
01869000-01874000 rw-p 0007e000 08:09 5734438    /home/cdeep/scilab-5.3.1/thirdparty/java/lib/i386/libfontmanager.so
01874000-01878000 rw-p 00000000 00:00 0 
01878000-0187b000 ---p 00000000 00:00 0 
0187b000-018c9000 rwxp 00000000 00:00 0 
018c9000-01963000 r-xp 00000000 08:07 1746359    /usr/lib/libgio-2.0.so.0.2400.1
01963000-01964000 ---p 0009a000 08:07 1746359    /usr/lib/libgio-2.0.so.0.2400.1
01964000-01965000 r--p 0009a000 08:07 1746359    /usr/lib/libgio-2.0.so.0.2400.1
01965000-01966000 rw-p 0009b000 08:07 1746359    /usr/lib/libgio-2.0.so.0.2400.1
01966000-01967000 rw-p 00000000 00:00 0 
01967000-0198c000 r-xp 00000000 08:07 1747435    /usr/lib/libpangoft2-1.0.so.0.2800.0
0198c000-0198d000 r--p 00024000 08:07 1747435    /usr/lib/libpangoft2-1.0.so.0.2800.0
0198d000-0198e000 rw-p 00025000 08:07 1747435    /usr/lib/libpangoft2-1.0.so.0.2800.0
0198e000-01996000 r-xp 00000000 08:07 1746791    /usr/lib/libfusion-1.2.so.0.8.0
01996000-01997000 r--p 00007000 08:07 1746791    /usr/lib/libfusion-1.2.so.0.8.0
01997000-01998000 rw-p 00008000 08:07 1746791    /usr/lib/libfusion-1.2.so.0.8.0
01998000-019ac000 r-xp 00000000 08:07 1746714    /usr/lib/libdirect-1.2.so.0.8.0
019ac000-019ad000 r--p 00013000 08:07 1746714    /usr/lib/libdirect-1.2.so.0.8.0
019ad000-019ae000 rw-p 00014000 08:07 1746714    /usr/lib/libdirect-1.2.so.0.8.0
019ae000-019c7000 r-xp 00000000 08:07 188581     /lib/libselinux.so.1
019c7000-019c8000 r--p 00018000 08:07 188581     /lib/libselinux.so.1
019c8000-019c9000 rw-p 00019000 08:07 188581     /lib/libselinux.so.1
019c9000-019d0000 r-xp 00000000 08:07 1747457    /usr/lib/libvorbisfile.so.3.3.2
019d0000-019d1000 r--p 00006000 08:07 1747457    /usr/lib/libvorbisfile.so.3.3.2
019d1000-019d2000 rw-p 00007000 08:07 1747457    /usr/lib/libvorbisfile.so.3.3.2
019d2000-019d9000 r-xp 00000000 08:07 1747128    /usr/lib/libltdl.so.7.2.1
019d9000-019da000 r--p 00006000 08:07 1747128    /usr/lib/libltdl.so.7.2.1
019da000-019db000 rw-p 00007000 08:07 1747128    /usr/lib/libltdl.so.7.2.1
019de000-019e6000 r-xp 00000000 08:07 1746494    /usr/lib/libXcursor.so.1.0.2
019e6000-019e7000 r--p 00007000 08:07 1746494    /usr/lib/libXcursor.so.1.0.2
019e7000-019e8000 rw-p 00008000 08:07 1746494    /usr/lib/libXcursor.so.1.0.2
019e8000-01ab0000 r-xp 00000000 08:07 188552     /lib/libglib-2.0.so.0.2400.1
01ab0000-01ab1000 r--p 000c7000 08:07 188552     /lib/libglib-2.0.so.0.2400.1
01ab1000-01ab2000 rw-p 000c8000 08:07 188552     /lib/libglib-2.0.so.0.2400.1
01ab2000-01b09000 r-xp 00000000 08:07 1747258    /usr/lib/libpixman-1.so.0.16.4
01b09000-01b0b000 r--p 00057000 08:07 1747258    /usr/lib/libpixman-1.so.0.16.4
01b0b000-01b0c000 rw-p 00059000 08:07 1747258    /usr/lib/libpixman-1.so.0.16.4
01b0c000-01b19000 r-xp 00000000 08:07 1747402    /usr/lib/libtdb.so.1.2.0
01b19000-01b1a000 r--p 0000c000 08:07 1747402    /usr/lib/libtdb.so.1.2.0
01b1a000-01b1b000 rw-p 0000d000 08:07 1747402    /usr/lib/libtdb.so.1.2.0
01b1b000-01b2e000 r-xp 00000000 08:09 5734419    /home/cdeep/scilab-5.3.1/thirdparty/java/lib/i386/libnet.so
01b2e000-01b2f000 rw-p 00013000 08:09 5734419    /home/cdeep/scilab-5.3.1/thirdparty/java/lib/i386/libnet.so
01b2f000-01b39000 r-xp 00000000 08:07 188503     /lib/libudev.so.0.6.1
01b39000-01b3a000 r--p 00009000 08:07 188503     /lib/libudev.so.0.6.1
01b3a000-01b3b000 rw-p 0000a000 08:07 188503     /lib/libudev.so.0.6.1
01b3b000-01edd000 r-xp 00000000 08:09 5711958    /home/cdeep/scilab-5.3.1/lib/thirdparty/libhdf5-1.8.4.so.6.0.3
01edd000-01ee3000 rw-p 003a1000 08:09 5711958    /home/cdeep/scilab-5.3.1/lib/thirdparty/libhdf5-1.8.4.so.6.0.3
01ee3000-01ee4000 rw-p 00000000 00:00 0 
01ee4000-02516000 r-xp 00000000 08:09 5711879    /home/cdeep/scilab-5.3.1/lib/thirdparty/liblapack.so.3gf.0
02516000-02519000 rw-p 00632000 08:09 5711879    /home/cdeep/scilab-5.3.1/lib/thirdparty/liblapack.so.3gf.0
02519000-02626000 rw-p 00000000 00:00 0 
02626000-0263a000 r-xp 00000000 08:07 1745922    /usr/lib/libgvfscommon.so.0.0.0
0263a000-0263b000 r--p 00013000 08:07 1745922    /usr/lib/libgvfscommon.so.0.0.0
0263b000-0263c000 rw-p 00014000 08:07 1745922    /usr/lib/libgvfscommon.so.0.0.0
0263c000-02653000 r-xp 00000000 08:09 5735267    /home/cdeep/scilab-5.3.1/lib/scilab/libscixcos.so.5.3.1
02653000-02654000 r--p 00016000 08:09 5735267    /home/cdeep/scilab-5.3.1/lib/scilab/libscixcos.so.5.3.1
02654000-02655000 rw-p 00017000 08:09 5735267    /home/cdeep/scilab-5.3.1/lib/scilab/libscixcos.so.5.3.1
02655000-0265c000 r-xp 00000000 08:07 2010919    /usr/lib/fglrx/libatiuki.so.1.0
0265c000-0265d000 rw-p 00006000 08:07 2010919    /usr/lib/fglrx/libatiuki.so.1.0
02660000-026a0000 r-xp 00000000 08:07 1747417    /usr/lib/libpango-1.0.so.0.2800.0
026a0000-026a1000 ---p 00040000 08:07 1747417    /usr/lib/libpango-1.0.so.0.2800.0
026a1000-026a2000 r--p 00040000 08:07 1747417    /usr/lib/libpango-1.0.so.0.2800.0
026a2000-026a3000 rw-p 00041000 08:07 1747417    /usr/lib/libpango-1.0.so.0.2800.0
026a3000-02716000 r-xp 00000000 08:07 1746716    /usr/lib/libdirectfb-1.2.so.0.8.0
02716000-02717000 ---p 00073000 08:07 1746716    /usr/lib/libdirectfb-1.2.so.0.8.0
02717000-02718000 r--p 00073000 08:07 1746716    /usr/lib/libdirectfb-1.2.so.0.8.0
02718000-02719000 rw-p 00074000 08:07 1746716    /usr/lib/libdirectfb-1.2.so.0.8.0
02719000-0271a000 rw-p 00000000 00:00 0 
0271a000-0272a000 r-xp 00000000 08:07 188473     /lib/libbz2.so.1.0.4
0272a000-0272b000 r--p 0000f000 08:07 188473     /lib/libbz2.so.1.0.4
0272b000-0272c000 rw-p 00010000 08:07 188473     /lib/libbz2.so.1.0.4
0272c000-02730000 r-xp 00000000 08:07 1746540    /usr/lib/libXxf86vm.so.1.0.0
02730000-02731000 r--p 00003000 08:07 1746540    /usr/lib/libXxf86vm.so.1.0.0
02731000-02732000 rw-p 00004000 08:07 1746540    /usr/lib/libXxf86vm.so.1.0.0
0273a000-0275d000 r-xp 00000000 08:09 5734466    /home/cdeep/scilab-5.3.1/thirdparty/java/lib/i386/libjava.so
0275d000-0275f000 rw-p 00023000 08:09 5734466    /home/cdeep/scilab-5.3.1/thirdparty/java/lib/i386/libjava.so
02780000-0278c000 r-xp 00000000 08:07 1746508    /usr/lib/libXi.so.6.1.0
0278c000-0278d000 r--p 0000c000 08:07 1746508    /usr/lib/libXi.so.6.1.0
0278d000-0278e000 rw-p 0000d000 08:07 1746508    /usr/lib/libXi.so.6.1.0
0278e000-02791000 ---p 00000000 00:00 0 
02791000-027df000 rwxp 00000000 00:00 0 
027e9000-027ec000 ---p 00000000 00:00 0 
027ec000-0283a000 rwxp 00000000 00:00 0 
0283a000-0283d000 ---p 00000000 00:00 0 
0283d000-0288b000 rwxp 00000000 00:00 0 
028a7000-028cb000 r-xp 00000000 08:07 1777919    /usr/lib/gio/modules/libgvfsdbus.so
028cb000-028cc000 r--p 00023000 08:07 1777919    /usr/lib/gio/modules/libgvfsdbus.so
028cc000-028cd000 rw-p 00024000 08:07 1777919    /usr/lib/gio/modules/libgvfsdbus.so
028cd000-028fd000 r-xp 00000000 08:09 5711948    /home/cdeep/scilab-5.3.1/lib/thirdparty/libjhdf5.so
028fd000-028fe000 rw-p 0002f000 08:09 5711948    /home/cdeep/scilab-5.3.1/lib/thirdparty/libjhdf5.so
028fe000-02920000 r-xp 00000000 08:09 5735360    /home/cdeep/scilab-5.3.1/lib/scilab/libscisundials.so.0.0.0
02920000-02921000 r--p 00021000 08:09 5735360    /home/cdeep/scilab-5.3.1/lib/scilab/libscisundials.so.0.0.0
02921000-02922000 rw-p 00022000 08:09 5735360    /home/cdeep/scilab-5.3.1/lib/scilab/libscisundials.so.0.0.0
02922000-02937000 r-xp 00000000 08:09 5734457    /home/cdeep/scilab-5.3.1/thirdparty/java/lib/i386/libdcpr.so
02937000-0294a000 rw-p 00014000 08:09 5734457    /home/cdeep/scilab-5.3.1/thirdparty/java/lib/i386/libdcpr.so
0294a000-02978000 r-xp 00000000 08:09 5734422    /home/cdeep/scilab-5.3.1/thirdparty/java/lib/i386/libjpeg.so
02978000-02979000 rw-p 0002e000 08:09 5734422    /home/cdeep/scilab-5.3.1/thirdparty/java/lib/i386/libjpeg.so
0298b000-029ae000 r-xp 00000000 08:07 188600     /lib/libpng12.so.0.42.0
029ae000-029af000 r--p 00022000 08:07 188600     /lib/libpng12.so.0.42.0
029af000-029b0000 rw-p 00023000 08:07 188600     /lib/libpng12.so.0.42.0
029b0000-029b3000 ---p 00000000 00:00 0 
029b3000-02a01000 rwxp 00000000 00:00 0 
02a01000-02a04000 ---p 00000000 00:00 0 
02a04000-02a52000 rwxp 00000000 00:00 0 
02a52000-02a86000 r-xp 00000000 08:07 1746928    /usr/lib/libgsf-1.so.114.0.16
02a86000-02a88000 r--p 00033000 08:07 1746928    /usr/lib/libgsf-1.so.114.0.16
02a88000-02a89000 rw-p 00035000 08:07 1746928    /usr/lib/libgsf-1.so.114.0.16
02a89000-02a8a000 rw-p 00000000 00:00 0 
02a8c000-02a8f000 ---p 00000000 00:00 0 
02a8f000-02add000 rwxp 00000000 00:00 0 
02add000-02b22000 r-xp 00000000 08:09 5735159    /home/cdeep/scilab-5.3.1/lib/scilab/libsciscicos.so.5.3.1
02b22000-02b23000 r--p 00044000 08:09 5735159    /home/cdeep/scilab-5.3.1/lib/scilab/libsciscicos.so.5.3.1
02b23000-02b25000 rw-p 00045000 08:09 5735159    /home/cdeep/scilab-5.3.1/lib/scilab/libsciscicos.so.5.3.1
02b25000-02be1000 rw-p 00000000 00:00 0 
02be1000-02c36000 r-xp 00000000 08:09 5735130    /home/cdeep/scilab-5.3.1/lib/scilab/libsciscicos_blocks.so.5.3.1
02c36000-02c37000 r--p 00054000 08:09 5735130    /home/cdeep/scilab-5.3.1/lib/scilab/libsciscicos_blocks.so.5.3.1
02c37000-02c38000 rw-p 00055000 08:09 5735130    /home/cdeep/scilab-5.3.1/lib/scilab/libsciscicos_blocks.so.5.3.1
02c38000-02cf4000 rw-p 00000000 00:00 0 
02d20000-02da4000 r-xp 00000000 08:09 5734470    /home/cdeep/scilab-5.3.1/thirdparty/java/lib/i386/libawt.so
02da4000-02dab000 rw-p 00084000 08:09 5734470    /home/cdeep/scilab-5.3.1/thirdparty/java/lib/i386/libawt.so
02dab000-02dcf000 rw-p 00000000 00:00 0 
02dcf000-02e00000 r-xp 00000000 08:07 1746666    /usr/lib/libcroco-0.6.so.3.0.1
02e00000-02e01000 r--p 00030000 08:07 1746666    /usr/lib/libcroco-0.6.so.3.0.1
02e01000-02e03000 rw-p 00031000 08:07 1746666    /usr/lib/libcroco-0.6.so.3.0.1
02e03000-02e06000 ---p 00000000 00:00 0 
02e06000-02e54000 rwxp 00000000 00:00 0 
02e54000-02efb000 r-xp 00000000 08:07 2010915    /usr/lib/fglrx/libGL.so.1.2
02efb000-02f05000 rwxp 000a7000 08:07 2010915    /usr/lib/fglrx/libGL.so.1.2
02f05000-02f0a000 rwxp 00000000 00:00 0 
02f0a000-02f38000 r-xp 00000000 08:07 2010911    /usr/lib/fglrx/libatiadlxx.so
02f38000-02f39000 rw-p 0002e000 08:07 2010911    /usr/lib/fglrx/libatiadlxx.so
02f50000-02f74000 r-xp 00000000 08:07 188492     /lib/libexpat.so.1.5.2
02f74000-02f76000 r--p 00024000 08:07 188492     /lib/libexpat.so.1.5.2
02f76000-02f77000 rw-p 00026000 08:07 188492     /lib/libexpat.so.1.5.2
02fb8000-02fdc000 r-xp 00000000 08:09 5735218    /home/cdeep/scilab-5.3.1/lib/scilab/libscilinear_algebra.so.5.3.1
02fdc000-02fdd000 r--p 00024000 08:09 5735218    /home/cdeep/scilab-5.3.1/lib/scilab/libscilinear_algebra.so.5.3.1
02fdd000-02fde000 rw-p 00025000 08:09 5735218    /home/cdeep/scilab-5.3.1/lib/scilab/libscilinear_algebra.so.5.3.1
02fde000-03098000 rw-p 00000000 00:00 0 
03198000-031a0000 r-xp 00000000 08:09 5735217    /home/cdeep/scilab-5.3.1/lib/scilab/libscifunctions.so.5.3.1
031a0000-031a1000 r--p 00007000 08:09 5735217    /home/cdeep/scilab-5.3.1/lib/scilab/libscifunctions.so.5.3.1
031a1000-031a2000 rw-p 00008000 08:09 5735217    /home/cdeep/scilab-5.3.1/lib/scilab/libscifunctions.so.5.3.1
031a2000-0325c000 rw-p 00000000 00:00 0 
0325c000-03629000 r-xp 00000000 08:07 1746372    /usr/lib/libgtk-x11-2.0.so.0.2000.1
03629000-0362d000 r--p 003cd000 08:07 1746372    /usr/lib/libgtk-x11-2.0.so.0.2000.1
0362d000-0362f000 rw-p 003d1000 08:07 1746372    /usr/lib/libgtk-x11-2.0.so.0.2000.1
0362f000-03631000 rw-p 00000000 00:00 0 
03648000-0364b000 ---p 00000000 00:00 0 
0364b000-03699000 rwxp 00000000 00:00 0 
036cb000-036cc000 ---p 00000000 00:00 0 
036cc000-0374c000 rwxp 00000000 00:00 0 
037f1000-037f2000 ---p 00000000 00:00 0 
037f2000-03872000 rwxp 00000000 00:00 0 
038ca000-038e4000 r-xp 00000000 08:09 5735317    /home/cdeep/scilab-5.3.1/lib/scilab/libscistring.so.5.3.1
038e4000-038e5000 r--p 0001a000 08:09 5735317    /home/cdeep/scilab-5.3.1/lib/scilab/libscistring.so.5.3.1
038e5000-038e6000 rw-p 0001b000 08:09 5735317    /home/cdeep/scilab-5.3.1/lib/scilab/libscistring.so.5.3.1
038e6000-039a0000 rw-p 00000000 00:00 0 
03a05000-03a14000 r-xp 00000000 08:09 5734447    /home/cdeep/scilab-5.3.1/thirdparty/java/lib/i386/libzip.so
03a14000-03a16000 rw-p 0000e000 08:09 5734447    /home/cdeep/scilab-5.3.1/thirdparty/java/lib/i386/libzip.so
03a4a000-03a50000 r-xp 00000000 08:07 1747492    /usr/lib/libxcb-render.so.0.0.0
03a50000-03a51000 r--p 00005000 08:07 1747492    /usr/lib/libxcb-render.so.0.0.0
03a51000-03a52000 rw-p 00006000 08:07 1747492    /usr/lib/libxcb-render.so.0.0.0
03b18000-03b1b000 ---p 00000000 00:00 0 
03b1b000-03b69000 rwxp 00000000 00:00 0 
03b8d000-03b91000 r-xp 00000000 08:07 1746358    /usr/lib/libgthread-2.0.so.0.2400.1
03b91000-03b92000 r--p 00003000 08:07 1746358    /usr/lib/libgthread-2.0.so.0.2400.1
03b92000-03b93000 rw-p 00004000 08:07 1746358    /usr/lib/libgthread-2.0.so.0.2400.1
03bdc000-03be6000 r-xp 00000000 08:07 213793     /lib/tls/i686/cmov/libnss_files-2.11.1.so
03be6000-03be7000 r--p 00009000 08:07 213793     /lib/tls/i686/cmov/libnss_files-2.11.1.so
03be7000-03be8000 rw-p 0000a000 08:07 213793     /lib/tls/i686/cmov/libnss_files-2.11.1.so
03c57000-03d5d000 r-xp 00000000 08:09 5711880    /home/cdeep/scilab-5.3.1/lib/thirdparty/libtk8.5.3.so
03d5d000-03d6e000 rw-p 00105000 08:09 5711880    /home/cdeep/scilab-5.3.1/lib/thirdparty/libtk8.5.3.so
03d6e000-04479000 r-xp 00000000 08:09 5734461    /home/cdeep/scilab-5.3.1/thirdparty/java/lib/i386/server/libjvm.so
04479000-044ca000 rw-p 0070a000 08:09 5734461    /home/cdeep/scilab-5.3.1/thirdparty/java/lib/i386/server/libjvm.so
044ca000-048e8000 rw-p 00000000 00:00 0 
04ac1000-04b32000 r-xp 00000000 08:07 1745037    /usr/lib/libfreetype.so.6.3.22
04b32000-04b36000 r--p 00070000 08:07 1745037    /usr/lib/libfreetype.so.6.3.22
04b36000-04b37000 rw-p 00074000 08:07 1745037    /usr/lib/libfreetype.so.6.3.22
04e24000-04e61000 r-xp 00000000 08:07 1746354    /usr/lib/libgobject-2.0.so.0.2400.1
04e61000-04e62000 r--p 0003c000 08:07 1746354    /usr/lib/libgobject-2.0.so.0.2400.1
04e62000-04e63000 rw-p 0003d000 08:07 1746354    /usr/lib/libgobject-2.0.so.0.2400.1
04e9f000-04ea4000 r-xp 00000000 08:07 1778153    /usr/lib/gtk-2.0/2.10.0/immodules/im-ibus.so
04ea4000-04ea5000 r--p 00004000 08:07 1778153    /usr/lib/gtk-2.0/2.10.0/immodules/im-ibus.so
04ea5000-04ea6000 rw-p 00005000 08:07 1778153    /usr/lib/gtk-2.0/2.10.0/immodules/im-ibus.so
04fe4000-04fe9000 r-xp 00000000 08:07 1747211    /usr/lib/libogg.so.0.6.0
04fe9000-04fea000 r--p 00004000 08:07 1747211    /usr/lib/libogg.so.0.6.0
04fea000-04feb000 rw-p 00005000 08:07 1747211    /usr/lib/libogg.so.0.6.0
051bc000-0524f000 r-xp 00000000 08:07 1746373    /usr/lib/libgdk-x11-2.0.so.0.2000.1
0524f000-05251000 r--p 00093000 08:07 1746373    /usr/lib/libgdk-x11-2.0.so.0.2000.1
05251000-05252000 rw-p 00095000 08:07 1746373    /usr/lib/libgdk-x11-2.0.so.0.2000.1
054ac000-054af000 ---p 00000000 00:00 0 
054af000-0552d000 rwxp 00000000 00:00 0 
05555000-055cf000 r-xp 00000000 08:09 5735351    /home/cdeep/scilab-5.3.1/lib/scilab/libscielementary_functions.so.5.3.1
055cf000-055d0000 r--p 00079000 08:09 5735351    /home/cdeep/scilab-5.3.1/lib/scilab/libscielementary_functions.so.5.3.1
055d0000-055d3000 rw-p 0007a000 08:09 5735351    /home/cdeep/scilab-5.3.1/lib/scilab/libscielementary_functions.so.5.3.1
055d3000-0568e000 rw-p 00000000 00:00 0 
0572f000-05814000 r-xp 00000000 08:09 5711908    /home/cdeep/scilab-5.3.1/lib/thirdparty/libstdc++.so.6.0.13
05814000-05818000 r--p 000e5000 08:09 5711908    /home/cdeep/scilab-5.3.1/lib/thirdparty/libstdc++.so.6.0.13
05818000-05819000 rw-p 000e9000 08:09 5711908    /home/cdeep/scilab-5.3.1/lib/thirdparty/libstdc++.so.6.0.13
05819000-05820000 rw-p 00000000 00:00 0 
05953000-0598a000 r-xp 00000000 08:07 188497     /lib/libdbus-1.so.3.4.0
0598a000-0598b000 r--p 00036000 08:07 188497     /lib/libdbus-1.so.3.4.0
0598b000-0598c000 rw-p 00037000 08:07 188497     /lib/libdbus-1.so.3.4.0
05aed000-05b1b000 r-xp 00000000 08:09 5735300    /home/cdeep/scilab-5.3.1/lib/scilab/libsciinteger.so.5.3.1
05b1b000-05b1c000 r--p 0002d000 08:09 5735300    /home/cdeep/scilab-5.3.1/lib/scilab/libsciinteger.so.5.3.1
05b1c000-05b1d000 rw-p 0002e000 08:09 5735300    /home/cdeep/scilab-5.3.1/lib/scilab/libsciinteger.so.5.3.1
05b1d000-05bd7000 rw-p 00000000 00:00 0 
05c1e000-05c21000 ---p 00000000 00:00 0 
05c21000-05c6f000 rwxp 00000000 00:00 0 
05cba000-05cbe000 r-xp 00000000 08:07 1778189    /usr/lib/gtk-2.0/modules/libcanberra-gtk-module.so
05cbe000-05cbf000 ---p 00004000 08:07 1778189    /usr/lib/gtk-2.0/modules/libcanberra-gtk-module.so
05cbf000-05cc0000 r--p 00004000 08:07 1778189    /usr/lib/gtk-2.0/modules/libcanberra-gtk-module.so
05cc0000-05cc1000 rw-p 00005000 08:07 1778189    /usr/lib/gtk-2.0/modules/libcanberra-gtk-module.so
05d9d000-05e78000 r-xp 00000000 08:09 5711858    /home/cdeep/scilab-5.3.1/lib/thirdparty/libjogl.so
05e78000-05e79000 rw-p 000da000 08:09 5711858    /home/cdeep/scilab-5.3.1/lib/thirdparty/libjogl.so
05ea8000-05fdb000 r-xp 00000000 08:09 5711980    /home/cdeep/scilab-5.3.1/lib/thirdparty/libxml2.so.2.7.6
05fdb000-05fe0000 rw-p 00132000 08:09 5711980    /home/cdeep/scilab-5.3.1/lib/thirdparty/libxml2.so.2.7.6
05fe0000-05fe1000 rw-p 00000000 00:00 0 
060aa000-060ad000 ---p 00000000 00:00 0 
060ad000-060fb000 rwxp 00000000 00:00 0 
06115000-06117000 r-xp 00000000 08:07 1813138    /usr/lib/pango/1.6.0/modules/pango-basic-fc.so
06117000-06118000 r--p 00001000 08:07 1813138    /usr/lib/pango/1.6.0/modules/pango-basic-fc.so
06118000-06119000 rw-p 00002000 08:07 1813138    /usr/lib/pango/1.6.0/modules/pango-basic-fc.so
062ff000-06302000 ---p 00000000 00:00 0 
06302000-06380000 rwxp 00000000 00:00 0 
063c6000-063d7000 r-xp 00000000 08:07 1777918    /usr/lib/gio/modules/libgioremote-volume-monitor.so
063d7000-063d8000 r--p 00011000 08:07 1777918    /usr/lib/gio/modules/libgioremote-volume-monitor.so
063d8000-063d9000 rw-p 00012000 08:07 1777918    /usr/lib/gio/modules/libgioremote-volume-monitor.so
064d6000-064dc000 r-xp 00000000 08:07 213791     /lib/tls/i686/cmov/libnss_compat-2.11.1.so
064dc000-064dd000 r--p 00006000 08:07 213791     /lib/tls/i686/cmov/libnss_compat-2.11.1.so
064dd000-064de000 rw-p 00007000 08:07 213791     /lib/tls/i686/cmov/libnss_compat-2.11.1.so
0669e000-066a5000 r-xp 00000000 08:09 5734435    /home/cdeep/scilab-5.3.1/thirdparty/java/lib/i386/libnio.so
066a5000-066a6000 rw-p 00006000 08:09 5734435    /home/cdeep/scilab-5.3.1/thirdparty/java/lib/i386/libnio.so
066be000-066bf000 ---p 00000000 00:00 0 
066bf000-0673f000 rwxp 00000000 00:00 0 
0680f000-0681f000 r-xp 00000000 08:07 213799     /lib/tls/i686/cmov/libresolv-2.11.1.so
0681f000-06820000 r--p 00010000 08:07 213799     /lib/tls/i686/cmov/libresolv-2.11.1.so
06820000-06821000 rw-p 00011000 08:07 213799     /lib/tls/i686/cmov/libresolv-2.11.1.so
06821000-06823000 rw-p 00000000 00:00 0 
0683a000-06842000 r-xp 00000000 08:07 213795     /lib/tls/i686/cmov/libnss_nis-2.11.1.so
06842000-06843000 r--p 00007000 08:07 213795     /lib/tls/i686/cmov/libnss_nis-2.11.1.so
06843000-06844000 rw-p 00008000 08:07 213795     /lib/tls/i686/cmov/libnss_nis-2.11.1.so
068c0000-068e7000 r-xp 00000000 08:07 1747453    /usr/lib/libvorbis.so.0.4.3
068e7000-068e8000 r--p 00026000 08:07 1747453    /usr/lib/libvorbis.so.0.4.3
068e8000-068e9000 rw-p 00027000 08:07 1747453    /usr/lib/libvorbis.so.0.4.3
06a6b000-06a6e000 ---p 00000000 00:00 0 
06a6e000-06abc000 rwxp 00000000 00:00 0 
06ae7000-06b5e000 r-xp 00000000 08:07 1746620    /usr/lib/libcairo.so.2.10800.10
06b5e000-06b60000 r--p 00076000 08:07 1746620    /usr/lib/libcairo.so.2.10800.10
06b60000-06b61000 rw-p 00078000 08:07 1746620    /usr/lib/libcairo.so.2.10800.10
06b82000-06b8a000 r-xp 00000000 08:09 5735361    /home/cdeep/scilab-5.3.1/lib/scilab/libscidynamic_link.so.5.3.1
06b8a000-06b8b000 r--p 00007000 08:09 5735361    /home/cdeep/scilab-5.3.1/lib/scilab/libscidynamic_link.so.5.3.1
06b8b000-06b8c000 rw-p 00008000 08:09 5735361    /home/cdeep/scilab-5.3.1/lib/scilab/libscidynamic_link.so.5.3.1
06b8c000-06c8c000 rw-p 00000000 00:00 0 
06dce000-06dd1000 r-xp 00000000 08:07 1747490    /usr/lib/libxcb-render-util.so.0.0.0
06dd1000-06dd2000 r--p 00002000 08:07 1747490    /usr/lib/libxcb-render-util.so.0.0.0
06dd2000-06dd3000 rw-p 00003000 08:07 1747490    /usr/lib/libxcb-render-util.so.0.0.0
072e1000-0731a000 r-xp 00000000 08:07 1747043    /usr/lib/libibus.so.1.0.0
0731a000-0731b000 r--p 00039000 08:07 1747043    /usr/lib/libibus.so.1.0.0
0731b000-0731c000 rw-p 0003a000 08:07 1747043    /usr/lib/libibus.so.1.0.0
073d0000-073e3000 r-xp 00000000 08:07 213412     /lib/tls/i686/cmov/libnsl-2.11.1.so
073e3000-073e4000 r--p 00012000 08:07 213412     /lib/tls/i686/cmov/libnsl-2.11.1.so
073e4000-073e5000 rw-p 00013000 08:07 213412     /lib/tls/i686/cmov/libnsl-2.11.1.so
073e5000-073e7000 rw-p 00000000 00:00 0 
076b6000-076e1000 r-xp 00000000 08:09 5735365    /home/cdeep/scilab-5.3.1/lib/scilab/libscioutput_stream.so.5.3.1
076e1000-076e2000 r--p 0002a000 08:09 5735365    /home/cdeep/scilab-5.3.1/lib/scilab/libscioutput_stream.so.5.3.1
076e2000-076e3000 rw-p 0002b000 08:09 5735365    /home/cdeep/scilab-5.3.1/lib/scilab/libscioutput_stream.so.5.3.1
076e3000-077a0000 rw-p 00000000 00:00 0 
07ab1000-07ae3000 r-xp 00000000 08:07 1745023    /usr/lib/librsvg-2.so.2.26.3
07ae3000-07ae4000 r--p 00031000 08:07 1745023    /usr/lib/librsvg-2.so.2.26.3
07ae4000-07ae5000 rw-p 00032000 08:07 1745023    /usr/lib/librsvg-2.so.2.26.3
07e67000-07f3b000 r-xp 00000000 08:09 5711862    /home/cdeep/scilab-5.3.1/lib/thirdparty/libfftw3.so.3.2.3
07f3b000-07f40000 rw-p 000d4000 08:09 5711862    /home/cdeep/scilab-5.3.1/lib/thirdparty/libfftw3.so.3.2.3
07f4f000-07fff000 r-xp 00000000 08:09 5711840    /home/cdeep/scilab-5.3.1/lib/thirdparty/libgfortran.so.3.0.0
07fff000-08000000 rw-p 000af000 08:09 5711840    /home/cdeep/scilab-5.3.1/lib/thirdparty/libgfortran.so.3.0.0
08000000-08001000 rw-p 00000000 00:00 0 
08048000-0804a000 r-xp 00000000 08:09 5653976    /home/cdeep/scilab-5.3.1/bin/scilab-bin
0804a000-0804b000 r--p 00001000 08:09 5653976    /home/cdeep/scilab-5.3.1/bin/scilab-bin
0804b000-0804c000 rw-p 00002000 08:09 5653976    /home/cdeep/scilab-5.3.1/bin/scilab-bin
0821a000-08240000 r-xp 00000000 08:07 1778143    /usr/lib/gtk-2.0/2.10.0/engines/libmurrine.so
08240000-08241000 r--p 00025000 08:07 1778143    /usr/lib/gtk-2.0/2.10.0/engines/libmurrine.so
08241000-08242000 rw-p 00026000 08:07 1778143    /usr/lib/gtk-2.0/2.10.0/engines/libmurrine.so
082be000-082cc000 r-xp 00000000 08:07 1746630    /usr/lib/libcanberra.so.0.2.1
082cc000-082cd000 r--p 0000d000 08:07 1746630    /usr/lib/libcanberra.so.0.2.1
082cd000-082ce000 rw-p 0000e000 08:07 1746630    /usr/lib/libcanberra.so.0.2.1
08330000-094b1000 rw-p 00000000 00:00 0          [heap]
965d8000-966d9000 rw-s 008f3000 00:05 5044       /dev/ati/card0
966d9000-967da000 rw-s 008ea000 00:05 5044       /dev/ati/card0
967da000-968db000 rw-s 008e5000 00:05 5044       /dev/ati/card0
968db000-969dc000 rw-s 008e2000 00:05 5044       /dev/ati/card0
969dc000-96add000 rw-s 008e0000 00:05 5044       /dev/ati/card0
96add000-96bde000 rw-s 008dd000 00:05 5044       /dev/ati/card0
96bde000-98554000 r-xp 00000000 08:07 2084636    /usr/lib/fglrx/dri/fglrx_dri.so
98554000-9860d000 rw-p 01976000 08:07 2084636    /usr/lib/fglrx/dri/fglrx_dri.so
9860d000-98692000 rw-p 00000000 00:00 0 
98692000-98d15000 r--p 00000000 08:07 1991669    /usr/share/icons/hicolor/icon-theme.cache
98d15000-99400000 r--p 00000000 08:07 1993056    /usr/share/icons/gnome/icon-theme.cache
99400000-995fd000 rw-p 00000000 00:00 0 
995fd000-99600000 ---p 00000000 00:00 0 
99600000-99800000 rw-p 00000000 00:00 0 
99800000-99a00000 rw-p 00000000 00:00 0 
99a00000-99aab000 rw-p 00000000 00:00 0 
99aab000-99b00000 ---p 00000000 00:00 0 
99b00000-99bdb000 rw-p 00000000 00:00 0 
99bdb000-99c00000 ---p 00000000 00:00 0 
99c00000-99ce6000 rw-p 00000000 00:00 0 
99ce6000-99d00000 ---p 00000000 00:00 0 
99d00000-99dfb000 rw-p 00000000 00:00 0 
99dfb000-99e00000 ---p 00000000 00:00 0 
99e00000-99ee1000 rw-p 00000000 00:00 0 
99ee1000-99f00000 ---p 00000000 00:00 0 
99f00000-99ff6000 rw-p 00000000 00:00 0 
99ff6000-9a000000 ---p 00000000 00:00 0 
9a000000-9a0fa000 rw-p 00000000 00:00 0 
9a0fa000-9a100000 ---p 00000000 00:00 0 
9a100000-9a1fc000 rw-p 00000000 00:00 0 
9a1fc000-9a200000 ---p 00000000 00:00 0 
9a200000-9a2f9000 rw-p 00000000 00:00 0 
9a2f9000-9a300000 ---p 00000000 00:00 0 
9a300000-9a3e9000 rw-p 00000000 00:00 0 
9a3e9000-9a400000 ---p 00000000 00:00 0 
9a400000-9a4fa000 rw-p 00000000 00:00 0 
9a4fa000-9a500000 ---p 00000000 00:00 0 
9a5b8000-9a700000 rw-s 00000000 00:04 5373985    /SYSV00000000 (deleted)
9a700000-9a7f9000 rw-p 00000000 00:00 0 
9a7f9000-9a800000 ---p 00000000 00:00 0 
9a800000-9a900000 rw-s 00bc4000 00:05 5044       /dev/ati/card0
9a900000-9a9f4000 rw-p 00000000 00:00 0 
9a9f4000-9aa00000 ---p 00000000 00:00 0 
9aa2e000-9ab2f000 rw-p 00000000 00:00 0 
9abaf000-9adaf000 rw-s d17f8000 00:05 5044       /dev/ati/card0
9adaf000-9b4af000 rw-s 00006000 00:05 5044       /dev/ati/card0
9b4b1000-9b5c4000 rw-s 00000000 00:04 8454169    /SYSV00000000 (deleted)
9b5c4000-9b717000 rw-s 00000000 00:04 7077920    /SYSV00000000 (deleted)
9b717000-9b890000 rw-s 00000000 00:04 6684707    /SYSV00000000 (deleted)
9b890000-9bb00000 rw-p 00000000 00:00 0 
9bb00000-9bbff000 rw-p 00000000 00:00 0 
9bbff000-9bc00000 ---p 00000000 00:00 0 
9bc00000-9bd00000 rw-s 00bc3000 00:05 5044       /dev/ati/card0
9bd00000-9bdfe000 rw-p 00000000 00:00 0 
9bdfe000-9be00000 ---p 00000000 00:00 0 
9be00000-9bf00000 rw-s 008d0000 00:05 5044       /dev/ati/card0
9bf00000-9bfff000 rw-p 00000000 00:00 0 
9bfff000-9c000000 ---p 00000000 00:00 0 
9c039000-9c03a000 ---p 00000000 00:00 0 
9c03a000-9c83a000 rwxp 00000000 00:00 0 
9c83a000-9c83d000 ---p 00000000 00:00 0 
9c83d000-9d03b000 rwxp 00000000 00:00 0 
9d03b000-9f661000 rw-p 00000000 00:00 0 
9f6c3000-9f77e000 rw-p 00000000 00:00 0 
9f77e000-9f8c6000 rw-s 00000000 00:04 1638429    /SYSV00000000 (deleted)
9f9ca000-9fa75000 r--p 00000000 08:07 1991635    /usr/share/icons/Humanity/icon-theme.cache
9fac6000-9fad5000 r--s 00658000 08:09 5728131    /home/cdeep/scilab-5.3.1/thirdparty/java/lib/charsets.jar
9fadb000-9faf6000 r--s 00000000 08:07 1843630    /usr/share/mime/mime.cache
9faf6000-9fb00000 r--p 00000000 08:07 1991636    /usr/share/icons/Humanity-Dark/icon-theme.cache
9fb00000-9fbff000 rw-p 00000000 00:00 0 
9fbff000-9fc00000 ---p 00000000 00:00 0 
9fc00000-9fc06000 r--p 00000000 08:07 1910286    /usr/share/icons/ubuntu-mono-dark/icon-theme.cache
9fc41000-9fc7e000 rw-s 00000000 00:04 7143447    /SYSV00000000 (deleted)
9fc7e000-9fcbe000 rw-s 0000f000 00:05 5044       /dev/ati/card0
9fcbe000-9fcce000 rw-s fe620000 00:05 5044       /dev/ati/card0
9fcce000-9fccf000 rw-p 00000000 00:00 0 
9fcd0000-9fcd8000 r--s 000e6000 08:09 5728185    /home/cdeep/scilab-5.3.1/thirdparty/jlatexmath-0.9.4.jar
9fcd8000-9fce2000 r--s 00075000 08:09 5726776    /home/cdeep/scilab-5.3.1/thirdparty/xmlgraphics-commons-1.3.1.jar
9fce2000-9fe00000 r--p 00000000 08:07 1778585    /usr/lib/locale/en_IN/LC_COLLATE
9fe00000-9fefe000 rw-p 00000000 00:00 0 
9fefe000-9ff00000 ---p 00000000 00:00 0 
9ff01000-9ff02000 rw-s 00005000 00:05 5044       /dev/ati/card0
9ff02000-9ff04000 rw-s 00002000 00:05 5044       /dev/ati/card0
9ff04000-9ff05000 r--s 00000000 08:09 6784488    /home/cdeep/.local/share/mime/mime.cache
9ff05000-9ff0d000 r--s 0001c000 08:09 5728193    /home/cdeep/scilab-5.3.1/thirdparty/xml-apis-ext.jar
9ff0d000-9ff59000 r--s 002dd000 08:09 5728158    /home/cdeep/scilab-5.3.1/thirdparty/batik-all-1.7.jar
9ff59000-9ff65000 r--s 00067000 08:09 5701730    /home/cdeep/scilab-5.3.1/share/scilab/modules/xcos/jar/org.scilab.modules.xcos.jar
9ff65000-9ff67000 r--s 0000a000 08:09 5728188    /home/cdeep/scilab-5.3.1/thirdparty/jhdf5.jar
9ff67000-9ff68000 r--s 00004000 08:09 5728177    /home/cdeep/scilab-5.3.1/thirdparty/gluegen-rt.jar
9ff68000-a0000000 r--p 00000000 08:07 1892437    /usr/share/fonts/truetype/ttf-dejavu/DejaVuSans.ttf
a0000000-a00fc000 rw-p 00000000 00:00 0 
a00fc000-a0100000 ---p 00000000 00:00 0 
a0100000-a010b000 r--s 00108000 08:09 5728183    /home/cdeep/scilab-5.3.1/thirdparty/jogl.jar
a010b000-a0114000 r--s 00072000 08:09 5728187    /home/cdeep/scilab-5.3.1/thirdparty/jgraphx.jar
a0114000-a011c000 r--s 00054000 08:09 5703695    /home/cdeep/scilab-5.3.1/share/scilab/modules/scinotes/jar/org.scilab.modules.scinotes.jar
a011c000-a011d000 rw-s 00000000 00:04 15735      /dev/zero (deleted)
a011d000-a0124000 r--s 00000000 08:07 1994006    /usr/lib/gconv/gconv-modules.cache
a0124000-a0125000 rw-s 00000000 00:04 14055      /dev/zero (deleted)
a0125000-a0185000 rw-s 00000000 00:04 1572891    /SYSV00000000 (deleted)
a0185000-a018c000 r--s 00111000 08:09 5728136    /home/cdeep/scilab-5.3.1/thirdparty/java/lib/resources.jar
a018c000-a018d000 r--p 00000000 08:07 1779057    /usr/lib/locale/en_IN/LC_TIME
a018d000-a018e000 r--p 00000000 08:07 1779058    /usr/lib/locale/en_IN/LC_MONETARY
a018e000-a018f000 r--p 00000000 08:07 1778768    /usr/lib/locale/en_IN/LC_PAPER
a018f000-a0190000 r--p 00000000 08:07 1778645    /usr/lib/locale/en_IN/LC_NAME
a0190000-a0191000 r--p 00000000 08:07 1778483    /usr/lib/locale/en_IN/LC_ADDRESS
a0191000-a0192000 r--p 00000000 08:07 1778492    /usr/lib/locale/en_IN/LC_TELEPHONE
a0192000-a0193000 r--p 00000000 08:07 1778764    /usr/lib/locale/en_IN/LC_MEASUREMENT
a0193000-a0194000 r--p 00000000 08:07 1779059    /usr/lib/locale/en_IN/LC_IDENTIFICATION
a0194000-a0195000 r--s 00000000 08:07 1467291    /var/cache/fontconfig/26de28bc8622bbc1fb67fd234c21975f-le32d4.cache-3
a0195000-a0196000 r--s 00000000 08:07 1466433    /var/cache/fontconfig/c05880de57d1f5e948fdfacc138775d9-le32d4.cache-3
a0196000-a019c000 r--s 00000000 08:07 1466430    /var/cache/fontconfig/945677eb7aeaf62f1d50efc3fb3ec7d8-le32d4.cache-3
a019c000-a019e000 r--s 00000000 08:07 1466431    /var/cache/fontconfig/99e8ed0e538f840c565b6ed5dad60d56-le32d4.cache-3
a019e000-a01a1000 r--s 00000000 08:07 1466440    /var/cache/fontconfig/e383d7ea5fbe662a33d9b44caf393297-le32d4.cache-3
a01a1000-a01a7000 r--s 00000000 08:07 1467296    /var/cache/fontconfig/401a5dd6b567794a1d18dd9342dfa604-le32d4.cache-3
a01a7000-a01a8000 r--s 00000000 08:07 1467341    /var/cache/fontconfig/e3fa16a14183b06aa45b3e009278fd14-le32d4.cache-3
a01a8000-a01a9000 r--s 00000000 08:07 1466441    /var/cache/fontconfig/e7071f4a29fa870f4323321c154eba04-le32d4.cache-3
a01a9000-a01ab000 r--s 00000000 08:07 1467314    /var/cache/fontconfig/b5ea634b0fb353b8ea17632d1f9ef766-le32d4.cache-3
a01ab000-a01ae000 r--s 00000000 08:07 1466427    /var/cache/fontconfig/6eb3985aa4124903f6ff08ba781cd364-le32d4.cache-3
a01ae000-a01af000 r--s 00000000 08:07 1466423    /var/cache/fontconfig/4c73fe0c47614734b17d736dbde7580a-le32d4.cache-3
a01af000-a01b0000 r--s 00000000 08:07 1466417    /var/cache/fontconfig/0d8c3b2ac0904cb8a57a757ad11a4a08-le32d4.cache-3
a01b0000-a01b1000 r--s 00000000 08:07 1466425    /var/cache/fontconfig/6a53c69dea097a2d716e069445527da8-le32d4.cache-3
a01b1000-a01b5000 r--s 00000000 08:07 1466432    /var/cache/fontconfig/a755afe4a08bf5b97852ceb7400b47bc-le32d4.cache-3
a01b5000-a01b6000 r--s 00000000 08:07 1467340    /var/cache/fontconfig/79517df041c92e3f2b4a9700e7dbe3c7-le32d4.cache-3
a01b6000-a01b7000 r--s 00000000 08:07 1467339    /var/cache/fontconfig/4abdb2dd99886b2b2d3168a6b22d0473-le32d4.cache-3
a01b7000-a01b8000 r--s 00000000 08:07 1467338    /var/cache/fontconfig/b9af901c4f3947128be824d599af5f25-le32d4.cache-3
a01b8000-a01b9000 r--s 00000000 08:07 1467337    /var/cache/fontconfig/a18183678af55fd6535fa2d00e080189-le32d4.cache-3
a01b9000-a01bb000 r--s 00000000 08:07 1467336    /var/cache/fontconfig/90e84e89a4382a8db77728561d41356d-le32d4.cache-3
a01bb000-a01bc000 r--s 00000000 08:07 1467335    /var/cache/fontconfig/b73ae53b2eee308c3d7feb99ac2d34cd-le32d4.cache-3
a01bc000-a01bd000 r--s 00000000 08:07 1467334    /var/cache/fontconfig/407fd690308a0b04640307de6deab6da-le32d4.cache-3
a01bd000-a01bf000 r--s 00000000 08:07 1467332    /var/cache/fontconfig/8039e78ad04dad2b193eec8c5f90bc4d-le32d4.cache-3
a01bf000-a01c0000 r--s 00000000 08:07 1467331    /var/cache/fontconfig/27f6fa40476fb33ad65cb210c133a216-le32d4.cache-3
a01c0000-a01c1000 r--s 00000000 08:07 1467330    /var/cache/fontconfig/98d684ad3abba16030bd60992dc9c5d7-le32d4.cache-3
a01c1000-a01c5000 r--s 00000000 08:07 1467295    /var/cache/fontconfig/515ca1ebc4b18308bea979be5704f9db-le32d4.cache-3
a01c5000-a01cc000 r--s 00000000 08:07 1467177    /var/cache/fontconfig/6d41288fd70b0be22e8c3a91e032eec0-le32d4.cache-3
a01cc000-a01d7000 r--s 00000000 08:07 1467100    /var/cache/fontconfig/0f34bcd4b6ee430af32735b75db7f02b-le32d4.cache-3
a01d7000-a01df000 r--s 00000000 08:07 1466436    /var/cache/fontconfig/d52a8644073d54c13679302ca1180695-le32d4.cache-3
a01df000-a01ec000 r--s 00000000 08:07 1467346    /var/cache/fontconfig/e13b20fdb08344e0e664864cc2ede53d-le32d4.cache-3
a01ec000-a01f2000 r--s 00000000 08:07 1467344    /var/cache/fontconfig/b83386915dae36184c7e3985fd26e4b1-le32d4.cache-3
a01f2000-a0200000 r--s 00000000 08:07 1467059    /var/cache/fontconfig/865f88548240fee46819705c6468c165-le32d4.cache-3
a0200000-a02e8000 rw-p 00000000 00:00 0 
a02e8000-a0300000 ---p 00000000 00:00 0 
a0300000-a0302000 r--s 00000000 08:07 1467329    /var/cache/fontconfig/9123b38b1c36356a690c2f0bc4cbf728-le32d4.cache-3
a0302000-a0305000 r--s 00000000 08:07 1466437    /var/cache/fontconfig/d60319d88cac85ba9e1a07bd06cfbb8c-le32d4.cache-3
a0305000-a0306000 r--s 00000000 08:07 1467275    /var/cache/fontconfig/4794a0821666d79190d59a36cb4f44b5-le32d4.cache-3
a0306000-a0309000 r--s 00000000 08:07 1467328    /var/cache/fontconfig/7ef2298fde41cc6eeb7af42e48b7d293-le32d4.cache-3
a0309000-a030a000 r--s 00002000 08:09 5718847    /home/cdeep/scilab-5.3.1/share/scilab/modules/action_binding/jar/org.scilab.modules.action_binding.jar
a030a000-a030b000 r--s 00000000 08:09 5686617    /home/cdeep/scilab-5.3.1/share/scilab/modules/localization/jar/org.scilab.modules.localization.jar
a030b000-a030d000 r--s 0000d000 08:09 5686008    /home/cdeep/scilab-5.3.1/share/scilab/modules/console/jar/org.scilab.modules.console.jar
a030d000-a030e000 r--s 00000000 08:09 5685745    /home/cdeep/scilab-5.3.1/share/scilab/modules/completion/jar/org.scilab.modules.completion.jar
a030e000-a030f000 r--s 00000000 08:09 5711144    /home/cdeep/scilab-5.3.1/share/scilab/modules/history_manager/jar/org.scilab.modules.history_manager.jar
a030f000-a0310000 r--s 00000000 08:09 5670014    /home/cdeep/scilab-5.3.1/share/scilab/modules/shell/jar/org.scilab.modules.shell.jar
a0310000-a0311000 r--s 00001000 08:09 5685976    /home/cdeep/scilab-5.3.1/share/scilab/modules/commons/jar/org.scilab.modules.commons.jar
a0311000-a0313000 r--s 00004000 08:09 5685322    /home/cdeep/scilab-5.3.1/share/scilab/modules/hdf5/jar/org.scilab.modules.hdf5.jar
a0313000-a0314000 r--s 00000000 08:09 5662601    /home/cdeep/scilab-5.3.1/share/scilab/modules/output_stream/jar/org.scilab.modules.output_stream.jar
a0314000-a0316000 r--s 00002000 08:09 5669753    /home/cdeep/scilab-5.3.1/share/scilab/modules/types/jar/org.scilab.modules.types.jar
a0316000-a0320000 r--s 00087000 08:09 5728156    /home/cdeep/scilab-5.3.1/thirdparty/jhall.jar
a0320000-a0321000 r--s 0000c000 08:09 5728169    /home/cdeep/scilab-5.3.1/thirdparty/commons-logging.jar
a0321000-a032a000 r--s 0005b000 08:09 5726769    /home/cdeep/scilab-5.3.1/thirdparty/looks-2.1.1.jar
a032a000-a0330000 r--s 0004c000 08:09 5728180    /home/cdeep/scilab-5.3.1/thirdparty/skinlf.jar
a0330000-a0331000 r--s 00001000 08:09 5728184    /home/cdeep/scilab-5.3.1/thirdparty/jrosetta-API.jar
a0331000-a0333000 r--s 00008000 08:09 5728174    /home/cdeep/scilab-5.3.1/thirdparty/jrosetta-engine.jar
a0333000-a0334000 r--s 00001000 08:09 5728184    /home/cdeep/scilab-5.3.1/thirdparty/jrosetta-API.jar
a0334000-a033e000 r--s 00069000 08:09 5728163    /home/cdeep/scilab-5.3.1/thirdparty/flexdock-0.5.2.jar
a033e000-a033f000 r--s 00001000 08:09 5718354    /home/cdeep/scilab-5.3.1/share/scilab/modules/jvm/jar/org.scilab.modules.jvm.jar
a033f000-a0372000 rw-p 00000000 00:00 0 
a0372000-a0509000 r--s 02ab6000 08:09 5728116    /home/cdeep/scilab-5.3.1/thirdparty/java/lib/rt.jar
a0509000-a0529000 rw-p 00000000 00:00 0 
a0529000-a053e000 rw-p 00000000 00:00 0 
a053e000-a057f000 rw-p 00000000 00:00 0 
a057f000-a059f000 rw-p 00000000 00:00 0 
a059f000-a05b4000 rw-p 00000000 00:00 0 
a05b4000-a05f4000 rw-p 00000000 00:00 0 
a05f4000-a05f8000 rw-p 00000000 00:00 0 
a05f8000-a0602000 ---p 00000000 00:00 0 
a0602000-a061f000 rw-p 00000000 00:00 0 
a061f000-a4620000 rw-p 00000000 00:00 0 
a4620000-a6fc0000 rw-p 00000000 00:00 0 
a6fc0000-af0d0000 rw-p 00000000 00:00 0 
af0d0000-af640000 rw-p 00000000 00:00 0 
af640000-b0b70000 ---p 00000000 00:00 0 
b0b70000-b4620000 rw-p 00000000 00:00 0 
b4620000-b4623000 r--s 00010000 08:09 5718823    /home/cdeep/scilab-5.3.1/share/scilab/modules/graph/jar/org.scilab.modules.graph.jar
b4623000-b4624000 r--s 00000000 08:09 5669734    /home/cdeep/scilab-5.3.1/share/scilab/modules/core/jar/org.scilab.modules.core.jar
b4624000-b4625000 r--s 00008000 08:09 5677632    /home/cdeep/scilab-5.3.1/share/scilab/modules/graphic_export/jar/org.scilab.modules.graphic_export.jar
b4625000-b462b000 r--s 00025000 08:09 5710890    /home/cdeep/scilab-5.3.1/share/scilab/modules/renderer/jar/org.scilab.modules.renderer.jar
b462b000-b463b000 rw-p 00000000 00:00 0 
b463b000-b46eb000 rw-p 00000000 00:00 0 
b46eb000-b4aeb000 rwxp 00000000 00:00 0 
b4aeb000-b76eb000 rw-p 00000000 00:00 0 
b76eb000-b772a000 r--p 00000000 08:07 1778762    /usr/lib/locale/en_IN/LC_CTYPE
b772a000-b7734000 rw-p 00000000 00:00 0 
b7734000-b7735000 r--s 00004000 08:09 5711161    /home/cdeep/scilab-5.3.1/share/scilab/modules/history_browser/jar/org.scilab.modules.history_browser.jar
b7735000-b7739000 r--s 00010000 08:09 5686739    /home/cdeep/scilab-5.3.1/share/scilab/modules/ui_data/jar/org.scilab.modules.ui_data.jar
b7739000-b7744000 r--s 00052000 08:09 5687063    /home/cdeep/scilab-5.3.1/share/scilab/modules/gui/jar/org.scilab.modules.gui.jar
b7744000-b774c000 rw-s 00000000 08:07 2042697    /tmp/hsperfdata_cdeep/2011
b774c000-b774d000 rw-p 00000000 00:00 0 
b774d000-b774e000 r--p 00000000 00:00 0 
b774e000-b774f000 r--p 00000000 08:07 1785882    /usr/lib/locale/en_IN/LC_MESSAGES/SYS_LC_MESSAGES
b774f000-b7750000 rw-s 00000000 00:04 14025      /dev/zero (deleted)
b7750000-b775f000 rw-p 00000000 00:00 0 
bfada000-bfadd000 ---p 00000000 00:00 0 
bfade000-bfb2a000 rwxp 00000000 00:00 0          [stack]
bfb2a000-bfb2b000 rw-p 00000000 00:00 0 

VM Arguments:
jvm_args: -Djava.library.path= -Djava.util.logging.config.file=/home/cdeep/scilab-5.3.1/share/scilab/etc/logging.properties -Djava.compiler=JIT -Xmx256m -Dapple.laf.useScreenMenuBar=true 
java_command: <unknown>
Launcher Type: generic

Environment Variables:
PATH=/home/cdeep/scilab-5.3.1/bin:/usr/local/sbin:/usr/local/bin:/usr/sbin:/usr/bin:/sbin:/bin:/usr/games:/home/cdeep/scilab-5.3.1/share/scilab/modules/scicos/
USERNAME=cdeep
LD_LIBRARY_PATH=/home/cdeep/scilab-5.3.1/share/scilab/bin:/home/cdeep/scilab-5.3.1/share/scilab/lib/scilab/:/home/cdeep/scilab-5.3.1/share/scilab/lib64/scilab/:/home/cdeep/scilab-5.3.1/lib/scilab:/home/cdeep/scilab-5.3.1/lib/thirdparty:/home/cdeep/scilab-5.3.1/thirdparty/java//lib/i386/:/home/cdeep/scilab-5.3.1/thirdparty/java//lib/i386/server/:/home/cdeep/scilab-5.3.1/thirdparty/java//lib/i386/native_threads/
SHELL=/bin/bash
DISPLAY=:0.0

Signal Handlers:
SIGSEGV: [libjvm.so+0x68c0e0], sa_mask[0]=0x7ffbfeff, sa_flags=0x10000004
SIGBUS: [libjvm.so+0x68c0e0], sa_mask[0]=0x7ffbfeff, sa_flags=0x10000004
SIGFPE: [libjvm.so+0x55b780], sa_mask[0]=0x7ffbfeff, sa_flags=0x10000004
SIGPIPE: SIG_IGN, sa_mask[0]=0x00001000, sa_flags=0x10000000
SIGXFSZ: [libjvm.so+0x55b780], sa_mask[0]=0x7ffbfeff, sa_flags=0x10000004
SIGILL: [libjvm.so+0x55b780], sa_mask[0]=0x7ffbfeff, sa_flags=0x10000004
SIGUSR1: SIG_DFL, sa_mask[0]=0x00000000, sa_flags=0x00000000
SIGUSR2: [libjvm.so+0x55e3c0], sa_mask[0]=0x00000000, sa_flags=0x10000004
SIGHUP: [libjvm.so+0x55e0f0], sa_mask[0]=0x7ffbfeff, sa_flags=0x10000004
SIGINT: [libscicore.so.5+0x28100], sa_mask[0]=0x00000002, sa_flags=0x10000000
SIGTERM: [libjvm.so+0x55e0f0], sa_mask[0]=0x7ffbfeff, sa_flags=0x10000004
SIGQUIT: [libjvm.so+0x55e0f0], sa_mask[0]=0x7ffbfeff, sa_flags=0x10000004


---------------  S Y S T E M  ---------------

OS:squeeze/sid

uname:Linux 2.6.32-33-generic #70-Ubuntu SMP Thu Jul 7 21:09:46 UTC 2011 i686
libc:glibc 2.11.1 NPTL 2.11.1 
rlimit: STACK 8192k, CORE 0k, NPROC infinity, NOFILE 1024, AS infinity
load average:0.86 0.63 0.39

CPU:total 4 (8 cores per cpu, 2 threads per core) family 6 model 30 stepping 5, cmov, cx8, fxsr, mmx, sse, sse2, sse3, ssse3, sse4.1, sse4.2, popcnt, ht

Memory: 4k page, physical 3288476k(1717352k free), swap 3905528k(3905528k free)

vm_info: Java HotSpot(TM) Server VM (16.0-b13) for linux-x86 JRE (1.6.0_18-b07), built on Dec 17 2009 13:41:30 by "java_re" with gcc 3.2.1-7a (J2SE release)

time: Mon Jul 25 14:54:10 2011
elapsed time: 5734 seconds

